{"C:\\Users\\infoj\\OneDrive\\Documentos\\ingsoft\\ingsoft\\neocdt-project\\FRONTEND\\src\\components\\CDTStatusBadge.jsx": {"path":"C:\\Users\\infoj\\OneDrive\\Documentos\\ingsoft\\ingsoft\\neocdt-project\\FRONTEND\\src\\components\\CDTStatusBadge.jsx","statementMap":{"0":{"start":{"line":1,"column":23},"end":{"line":47,"column":null}},"1":{"start":{"line":2,"column":25},"end":{"line":33,"column":null}},"2":{"start":{"line":35,"column":19},"end":{"line":39,"column":null}},"3":{"start":{"line":41,"column":4},"end":{"line":45,"column":null}}},"fnMap":{"0":{"name":"(anonymous_0)","decl":{"start":{"line":1,"column":23},"end":{"line":1,"column":24}},"loc":{"start":{"line":1,"column":39},"end":{"line":47,"column":null}},"line":1}},"branchMap":{"0":{"loc":{"start":{"line":35,"column":19},"end":{"line":39,"column":null}},"type":"binary-expr","locations":[{"start":{"line":35,"column":19},"end":{"line":35,"column":43}},{"start":{"line":35,"column":43},"end":{"line":39,"column":null}}],"line":35}},"s":{"0":2,"1":10,"2":10,"3":10},"f":{"0":10},"b":{"0":[10,4]},"meta":{"lastBranch":1,"lastFunction":1,"lastStatement":4,"seen":{"s:1:23:47:Infinity":0,"f:1:23:1:24":0,"s:2:25:33:Infinity":1,"s:35:19:39:Infinity":2,"b:35:19:35:43:35:43:39:Infinity":0,"s:41:4:45:Infinity":3}}}
,"C:\\Users\\infoj\\OneDrive\\Documentos\\ingsoft\\ingsoft\\neocdt-project\\FRONTEND\\src\\components\\ConfirmSubmitModal.jsx": {"path":"C:\\Users\\infoj\\OneDrive\\Documentos\\ingsoft\\ingsoft\\neocdt-project\\FRONTEND\\src\\components\\ConfirmSubmitModal.jsx","statementMap":{"0":{"start":{"line":3,"column":27},"end":{"line":106,"column":null}},"1":{"start":{"line":4,"column":40},"end":{"line":4,"column":null}},"2":{"start":{"line":6,"column":4},"end":{"line":6,"column":null}},"3":{"start":{"line":6,"column":17},"end":{"line":6,"column":null}},"4":{"start":{"line":8,"column":26},"end":{"line":18,"column":null}},"5":{"start":{"line":9,"column":8},"end":{"line":9,"column":null}},"6":{"start":{"line":10,"column":8},"end":{"line":17,"column":null}},"7":{"start":{"line":11,"column":12},"end":{"line":11,"column":null}},"8":{"start":{"line":12,"column":12},"end":{"line":12,"column":null}},"9":{"start":{"line":14,"column":12},"end":{"line":14,"column":null}},"10":{"start":{"line":16,"column":12},"end":{"line":16,"column":null}},"11":{"start":{"line":20,"column":4},"end":{"line":104,"column":null}},"12":{"start":{"line":22,"column":61},"end":{"line":22,"column":null}}},"fnMap":{"0":{"name":"(anonymous_0)","decl":{"start":{"line":3,"column":27},"end":{"line":3,"column":28}},"loc":{"start":{"line":3,"column":72},"end":{"line":106,"column":null}},"line":3},"1":{"name":"(anonymous_1)","decl":{"start":{"line":8,"column":26},"end":{"line":8,"column":38}},"loc":{"start":{"line":8,"column":38},"end":{"line":18,"column":null}},"line":8},"2":{"name":"(anonymous_2)","decl":{"start":{"line":22,"column":54},"end":{"line":22,"column":55}},"loc":{"start":{"line":22,"column":61},"end":{"line":22,"column":null}},"line":22}},"branchMap":{"0":{"loc":{"start":{"line":6,"column":4},"end":{"line":6,"column":null}},"type":"if","locations":[{"start":{"line":6,"column":4},"end":{"line":6,"column":null}},{"start":{},"end":{}}],"line":6},"1":{"loc":{"start":{"line":100,"column":25},"end":{"line":100,"column":null}},"type":"cond-expr","locations":[{"start":{"line":100,"column":40},"end":{"line":100,"column":56}},{"start":{"line":100,"column":56},"end":{"line":100,"column":null}}],"line":100}},"s":{"0":2,"1":1,"2":1,"3":0,"4":1,"5":0,"6":0,"7":0,"8":0,"9":0,"10":0,"11":1,"12":0},"f":{"0":1,"1":0,"2":0},"b":{"0":[0,1],"1":[0,1]},"meta":{"lastBranch":2,"lastFunction":3,"lastStatement":13,"seen":{"s:3:27:106:Infinity":0,"f:3:27:3:28":0,"s:4:40:4:Infinity":1,"b:6:4:6:Infinity:undefined:undefined:undefined:undefined":0,"s:6:4:6:Infinity":2,"s:6:17:6:Infinity":3,"s:8:26:18:Infinity":4,"f:8:26:8:38":1,"s:9:8:9:Infinity":5,"s:10:8:17:Infinity":6,"s:11:12:11:Infinity":7,"s:12:12:12:Infinity":8,"s:14:12:14:Infinity":9,"s:16:12:16:Infinity":10,"s:20:4:104:Infinity":11,"f:22:54:22:55":2,"s:22:61:22:Infinity":12,"b:100:40:100:56:100:56:100:Infinity":1}}}
,"C:\\Users\\infoj\\OneDrive\\Documentos\\ingsoft\\ingsoft\\neocdt-project\\FRONTEND\\src\\components\\HeaderFixed.jsx": {"path":"C:\\Users\\infoj\\OneDrive\\Documentos\\ingsoft\\ingsoft\\neocdt-project\\FRONTEND\\src\\components\\HeaderFixed.jsx","statementMap":{"0":{"start":{"line":5,"column":18},"end":{"line":543,"column":null}},"1":{"start":{"line":7,"column":46},"end":{"line":7,"column":null}},"2":{"start":{"line":8,"column":40},"end":{"line":8,"column":null}},"3":{"start":{"line":9,"column":38},"end":{"line":9,"column":null}},"4":{"start":{"line":10,"column":44},"end":{"line":10,"column":null}},"5":{"start":{"line":11,"column":46},"end":{"line":11,"column":null}},"6":{"start":{"line":14,"column":34},"end":{"line":18,"column":null}},"7":{"start":{"line":19,"column":36},"end":{"line":19,"column":null}},"8":{"start":{"line":20,"column":38},"end":{"line":20,"column":null}},"9":{"start":{"line":21,"column":34},"end":{"line":21,"column":null}},"10":{"start":{"line":22,"column":10},"end":{"line":22,"column":null}},"11":{"start":{"line":25,"column":4},"end":{"line":30,"column":null}},"12":{"start":{"line":26,"column":21},"end":{"line":26,"column":null}},"13":{"start":{"line":27,"column":8},"end":{"line":29,"column":null}},"14":{"start":{"line":28,"column":12},"end":{"line":28,"column":null}},"15":{"start":{"line":33,"column":26},"end":{"line":48,"column":null}},"16":{"start":{"line":34,"column":8},"end":{"line":47,"column":null}},"17":{"start":{"line":36,"column":16},"end":{"line":40,"column":null}},"18":{"start":{"line":37,"column":20},"end":{"line":37,"column":null}},"19":{"start":{"line":39,"column":20},"end":{"line":39,"column":null}},"20":{"start":{"line":43,"column":16},"end":{"line":43,"column":null}},"21":{"start":{"line":46,"column":16},"end":{"line":46,"column":null}},"22":{"start":{"line":51,"column":30},"end":{"line":61,"column":null}},"23":{"start":{"line":53,"column":8},"end":{"line":53,"column":null}},"24":{"start":{"line":54,"column":8},"end":{"line":54,"column":null}},"25":{"start":{"line":55,"column":8},"end":{"line":55,"column":null}},"26":{"start":{"line":56,"column":8},"end":{"line":60,"column":null}},"27":{"start":{"line":63,"column":27},"end":{"line":67,"column":null}},"28":{"start":{"line":65,"column":8},"end":{"line":65,"column":null}},"29":{"start":{"line":66,"column":8},"end":{"line":66,"column":null}},"30":{"start":{"line":70,"column":4},"end":{"line":75,"column":null}},"31":{"start":{"line":71,"column":8},"end":{"line":74,"column":null}},"32":{"start":{"line":71,"column":32},"end":{"line":74,"column":10}},"33":{"start":{"line":78,"column":24},"end":{"line":144,"column":null}},"34":{"start":{"line":79,"column":8},"end":{"line":79,"column":null}},"35":{"start":{"line":80,"column":8},"end":{"line":80,"column":null}},"36":{"start":{"line":83,"column":30},"end":{"line":83,"column":null}},"37":{"start":{"line":84,"column":30},"end":{"line":84,"column":null}},"38":{"start":{"line":86,"column":8},"end":{"line":93,"column":null}},"39":{"start":{"line":87,"column":12},"end":{"line":90,"column":null}},"40":{"start":{"line":91,"column":12},"end":{"line":91,"column":null}},"41":{"start":{"line":92,"column":12},"end":{"line":92,"column":null}},"42":{"start":{"line":95,"column":8},"end":{"line":95,"column":null}},"43":{"start":{"line":97,"column":8},"end":{"line":143,"column":null}},"44":{"start":{"line":99,"column":29},"end":{"line":103,"column":null}},"45":{"start":{"line":107,"column":33},"end":{"line":107,"column":null}},"46":{"start":{"line":109,"column":12},"end":{"line":111,"column":null}},"47":{"start":{"line":110,"column":16},"end":{"line":110,"column":null}},"48":{"start":{"line":114,"column":35},"end":{"line":118,"column":null}},"49":{"start":{"line":121,"column":12},"end":{"line":121,"column":null}},"50":{"start":{"line":124,"column":12},"end":{"line":124,"column":null}},"51":{"start":{"line":125,"column":12},"end":{"line":125,"column":null}},"52":{"start":{"line":126,"column":12},"end":{"line":126,"column":null}},"53":{"start":{"line":127,"column":12},"end":{"line":127,"column":null}},"54":{"start":{"line":130,"column":12},"end":{"line":135,"column":null}},"55":{"start":{"line":138,"column":12},"end":{"line":138,"column":null}},"56":{"start":{"line":139,"column":18},"end":{"line":139,"column":null}},"57":{"start":{"line":140,"column":12},"end":{"line":140,"column":null}},"58":{"start":{"line":142,"column":12},"end":{"line":142,"column":null}},"59":{"start":{"line":146,"column":25},"end":{"line":164,"column":null}},"60":{"start":{"line":148,"column":25},"end":{"line":148,"column":null}},"61":{"start":{"line":151,"column":8},"end":{"line":151,"column":null}},"62":{"start":{"line":152,"column":8},"end":{"line":152,"column":null}},"63":{"start":{"line":153,"column":8},"end":{"line":153,"column":null}},"64":{"start":{"line":154,"column":8},"end":{"line":154,"column":null}},"65":{"start":{"line":155,"column":8},"end":{"line":155,"column":null}},"66":{"start":{"line":158,"column":8},"end":{"line":163,"column":null}},"67":{"start":{"line":166,"column":32},"end":{"line":172,"column":null}},"68":{"start":{"line":167,"column":8},"end":{"line":170,"column":null}},"69":{"start":{"line":168,"column":12},"end":{"line":168,"column":null}},"70":{"start":{"line":169,"column":12},"end":{"line":169,"column":null}},"71":{"start":{"line":171,"column":8},"end":{"line":171,"column":null}},"72":{"start":{"line":174,"column":32},"end":{"line":179,"column":null}},"73":{"start":{"line":175,"column":24},"end":{"line":177,"column":null}},"74":{"start":{"line":176,"column":12},"end":{"line":176,"column":null}},"75":{"start":{"line":178,"column":8},"end":{"line":178,"column":null}},"76":{"start":{"line":181,"column":30},"end":{"line":212,"column":null}},"77":{"start":{"line":183,"column":8},"end":{"line":193,"column":null}},"78":{"start":{"line":184,"column":12},"end":{"line":186,"column":null}},"79":{"start":{"line":185,"column":16},"end":{"line":185,"column":null}},"80":{"start":{"line":187,"column":12},"end":{"line":189,"column":null}},"81":{"start":{"line":188,"column":16},"end":{"line":188,"column":null}},"82":{"start":{"line":190,"column":12},"end":{"line":192,"column":null}},"83":{"start":{"line":191,"column":16},"end":{"line":191,"column":null}},"84":{"start":{"line":199,"column":8},"end":{"line":202,"column":null}},"85":{"start":{"line":199,"column":30},"end":{"line":202,"column":10}},"86":{"start":{"line":205,"column":25},"end":{"line":205,"column":null}},"87":{"start":{"line":206,"column":8},"end":{"line":209,"column":null}},"88":{"start":{"line":206,"column":32},"end":{"line":209,"column":10}},"89":{"start":{"line":211,"column":8},"end":{"line":211,"column":null}},"90":{"start":{"line":215,"column":4},"end":{"line":231,"column":null}},"91":{"start":{"line":216,"column":35},"end":{"line":221,"column":null}},"92":{"start":{"line":217,"column":12},"end":{"line":220,"column":null}},"93":{"start":{"line":218,"column":16},"end":{"line":218,"column":null}},"94":{"start":{"line":219,"column":16},"end":{"line":219,"column":null}},"95":{"start":{"line":223,"column":8},"end":{"line":223,"column":null}},"96":{"start":{"line":224,"column":8},"end":{"line":230,"column":null}},"97":{"start":{"line":225,"column":12},"end":{"line":225,"column":null}},"98":{"start":{"line":227,"column":12},"end":{"line":229,"column":null}},"99":{"start":{"line":228,"column":16},"end":{"line":228,"column":null}},"100":{"start":{"line":233,"column":4},"end":{"line":541,"column":null}},"101":{"start":{"line":267,"column":56},"end":{"line":267,"column":null}},"102":{"start":{"line":316,"column":56},"end":{"line":316,"column":null}},"103":{"start":{"line":358,"column":56},"end":{"line":358,"column":null}},"104":{"start":{"line":367,"column":52},"end":{"line":371,"column":null}},"105":{"start":{"line":368,"column":56},"end":{"line":368,"column":null}},"106":{"start":{"line":370,"column":56},"end":{"line":370,"column":null}},"107":{"start":{"line":382,"column":63},"end":{"line":382,"column":null}},"108":{"start":{"line":425,"column":61},"end":{"line":425,"column":null}},"109":{"start":{"line":437,"column":61},"end":{"line":437,"column":null}},"110":{"start":{"line":448,"column":61},"end":{"line":448,"column":null}},"111":{"start":{"line":516,"column":67},"end":{"line":516,"column":null}}},"fnMap":{"0":{"name":"(anonymous_0)","decl":{"start":{"line":5,"column":18},"end":{"line":5,"column":24}},"loc":{"start":{"line":5,"column":24},"end":{"line":543,"column":null}},"line":5},"1":{"name":"(anonymous_1)","decl":{"start":{"line":25,"column":14},"end":{"line":25,"column":20}},"loc":{"start":{"line":25,"column":20},"end":{"line":30,"column":7}},"line":25},"2":{"name":"(anonymous_2)","decl":{"start":{"line":33,"column":26},"end":{"line":33,"column":27}},"loc":{"start":{"line":33,"column":44},"end":{"line":48,"column":null}},"line":33},"3":{"name":"(anonymous_3)","decl":{"start":{"line":51,"column":30},"end":{"line":51,"column":36}},"loc":{"start":{"line":51,"column":36},"end":{"line":61,"column":null}},"line":51},"4":{"name":"(anonymous_4)","decl":{"start":{"line":63,"column":27},"end":{"line":63,"column":33}},"loc":{"start":{"line":63,"column":33},"end":{"line":67,"column":null}},"line":63},"5":{"name":"(anonymous_5)","decl":{"start":{"line":70,"column":14},"end":{"line":70,"column":20}},"loc":{"start":{"line":70,"column":20},"end":{"line":75,"column":7}},"line":70},"6":{"name":"(anonymous_6)","decl":{"start":{"line":71,"column":23},"end":{"line":71,"column":32}},"loc":{"start":{"line":71,"column":32},"end":{"line":74,"column":10}},"line":71},"7":{"name":"(anonymous_7)","decl":{"start":{"line":78,"column":24},"end":{"line":78,"column":31}},"loc":{"start":{"line":78,"column":37},"end":{"line":144,"column":null}},"line":78},"8":{"name":"(anonymous_8)","decl":{"start":{"line":146,"column":25},"end":{"line":146,"column":31}},"loc":{"start":{"line":146,"column":31},"end":{"line":164,"column":null}},"line":146},"9":{"name":"(anonymous_9)","decl":{"start":{"line":166,"column":32},"end":{"line":166,"column":33}},"loc":{"start":{"line":166,"column":46},"end":{"line":172,"column":null}},"line":166},"10":{"name":"(anonymous_10)","decl":{"start":{"line":174,"column":32},"end":{"line":174,"column":38}},"loc":{"start":{"line":174,"column":38},"end":{"line":179,"column":null}},"line":174},"11":{"name":"(anonymous_11)","decl":{"start":{"line":175,"column":35},"end":{"line":175,"column":41}},"loc":{"start":{"line":175,"column":41},"end":{"line":177,"column":11}},"line":175},"12":{"name":"(anonymous_12)","decl":{"start":{"line":181,"column":30},"end":{"line":181,"column":31}},"loc":{"start":{"line":181,"column":48},"end":{"line":212,"column":null}},"line":181},"13":{"name":"(anonymous_13)","decl":{"start":{"line":199,"column":21},"end":{"line":199,"column":30}},"loc":{"start":{"line":199,"column":30},"end":{"line":202,"column":10}},"line":199},"14":{"name":"(anonymous_14)","decl":{"start":{"line":206,"column":23},"end":{"line":206,"column":32}},"loc":{"start":{"line":206,"column":32},"end":{"line":209,"column":10}},"line":206},"15":{"name":"(anonymous_15)","decl":{"start":{"line":215,"column":14},"end":{"line":215,"column":20}},"loc":{"start":{"line":215,"column":20},"end":{"line":231,"column":7}},"line":215},"16":{"name":"(anonymous_16)","decl":{"start":{"line":216,"column":35},"end":{"line":216,"column":36}},"loc":{"start":{"line":216,"column":46},"end":{"line":221,"column":null}},"line":216},"17":{"name":"(anonymous_17)","decl":{"start":{"line":224,"column":15},"end":{"line":224,"column":21}},"loc":{"start":{"line":224,"column":21},"end":{"line":230,"column":null}},"line":224},"18":{"name":"(anonymous_18)","decl":{"start":{"line":267,"column":50},"end":{"line":267,"column":56}},"loc":{"start":{"line":267,"column":56},"end":{"line":267,"column":null}},"line":267},"19":{"name":"(anonymous_19)","decl":{"start":{"line":316,"column":50},"end":{"line":316,"column":56}},"loc":{"start":{"line":316,"column":56},"end":{"line":316,"column":null}},"line":316},"20":{"name":"(anonymous_20)","decl":{"start":{"line":358,"column":50},"end":{"line":358,"column":56}},"loc":{"start":{"line":358,"column":56},"end":{"line":358,"column":null}},"line":358},"21":{"name":"(anonymous_21)","decl":{"start":{"line":366,"column":57},"end":{"line":366,"column":63}},"loc":{"start":{"line":366,"column":63},"end":{"line":372,"column":null}},"line":366},"22":{"name":"(anonymous_22)","decl":{"start":{"line":382,"column":57},"end":{"line":382,"column":63}},"loc":{"start":{"line":382,"column":63},"end":{"line":382,"column":null}},"line":382},"23":{"name":"(anonymous_23)","decl":{"start":{"line":425,"column":54},"end":{"line":425,"column":55}},"loc":{"start":{"line":425,"column":61},"end":{"line":425,"column":null}},"line":425},"24":{"name":"(anonymous_24)","decl":{"start":{"line":437,"column":54},"end":{"line":437,"column":55}},"loc":{"start":{"line":437,"column":61},"end":{"line":437,"column":null}},"line":437},"25":{"name":"(anonymous_25)","decl":{"start":{"line":448,"column":54},"end":{"line":448,"column":55}},"loc":{"start":{"line":448,"column":61},"end":{"line":448,"column":null}},"line":448},"26":{"name":"(anonymous_26)","decl":{"start":{"line":516,"column":61},"end":{"line":516,"column":67}},"loc":{"start":{"line":516,"column":67},"end":{"line":516,"column":null}},"line":516}},"branchMap":{"0":{"loc":{"start":{"line":27,"column":8},"end":{"line":29,"column":null}},"type":"if","locations":[{"start":{"line":27,"column":8},"end":{"line":29,"column":null}},{"start":{},"end":{}}],"line":27},"1":{"loc":{"start":{"line":34,"column":8},"end":{"line":47,"column":null}},"type":"switch","locations":[{"start":{"line":35,"column":12},"end":{"line":40,"column":null}},{"start":{"line":42,"column":12},"end":{"line":43,"column":null}},{"start":{"line":45,"column":12},"end":{"line":46,"column":null}}],"line":34},"2":{"loc":{"start":{"line":36,"column":16},"end":{"line":40,"column":null}},"type":"if","locations":[{"start":{"line":36,"column":16},"end":{"line":40,"column":null}},{"start":{"line":38,"column":23},"end":{"line":40,"column":null}}],"line":36},"3":{"loc":{"start":{"line":37,"column":27},"end":{"line":37,"column":null}},"type":"cond-expr","locations":[{"start":{"line":37,"column":54},"end":{"line":37,"column":59}},{"start":{"line":37,"column":59},"end":{"line":37,"column":null}}],"line":37},"4":{"loc":{"start":{"line":39,"column":27},"end":{"line":39,"column":null}},"type":"cond-expr","locations":[{"start":{"line":39,"column":53},"end":{"line":39,"column":58}},{"start":{"line":39,"column":58},"end":{"line":39,"column":null}}],"line":39},"5":{"loc":{"start":{"line":43,"column":23},"end":{"line":43,"column":null}},"type":"cond-expr","locations":[{"start":{"line":43,"column":43},"end":{"line":43,"column":48}},{"start":{"line":43,"column":48},"end":{"line":43,"column":null}}],"line":43},"6":{"loc":{"start":{"line":86,"column":8},"end":{"line":93,"column":null}},"type":"if","locations":[{"start":{"line":86,"column":8},"end":{"line":93,"column":null}},{"start":{},"end":{}}],"line":86},"7":{"loc":{"start":{"line":86,"column":12},"end":{"line":86,"column":44}},"type":"binary-expr","locations":[{"start":{"line":86,"column":12},"end":{"line":86,"column":29}},{"start":{"line":86,"column":29},"end":{"line":86,"column":44}}],"line":86},"8":{"loc":{"start":{"line":109,"column":12},"end":{"line":111,"column":null}},"type":"if","locations":[{"start":{"line":109,"column":12},"end":{"line":111,"column":null}},{"start":{},"end":{}}],"line":109},"9":{"loc":{"start":{"line":109,"column":16},"end":{"line":109,"column":112}},"type":"binary-expr","locations":[{"start":{"line":109,"column":16},"end":{"line":109,"column":33}},{"start":{"line":109,"column":33},"end":{"line":109,"column":62}},{"start":{"line":109,"column":62},"end":{"line":109,"column":92}},{"start":{"line":109,"column":92},"end":{"line":109,"column":112}}],"line":109},"10":{"loc":{"start":{"line":140,"column":26},"end":{"line":140,"column":99}},"type":"binary-expr","locations":[{"start":{"line":140,"column":26},"end":{"line":140,"column":38}},{"start":{"line":140,"column":38},"end":{"line":140,"column":99}}],"line":140},"11":{"loc":{"start":{"line":148,"column":25},"end":{"line":148,"column":null}},"type":"binary-expr","locations":[{"start":{"line":148,"column":25},"end":{"line":148,"column":46}},{"start":{"line":148,"column":46},"end":{"line":148,"column":null}}],"line":148},"12":{"loc":{"start":{"line":167,"column":8},"end":{"line":170,"column":null}},"type":"if","locations":[{"start":{"line":167,"column":8},"end":{"line":170,"column":null}},{"start":{},"end":{}}],"line":167},"13":{"loc":{"start":{"line":183,"column":8},"end":{"line":193,"column":null}},"type":"if","locations":[{"start":{"line":183,"column":8},"end":{"line":193,"column":null}},{"start":{},"end":{}}],"line":183},"14":{"loc":{"start":{"line":184,"column":12},"end":{"line":186,"column":null}},"type":"if","locations":[{"start":{"line":184,"column":12},"end":{"line":186,"column":null}},{"start":{},"end":{}}],"line":184},"15":{"loc":{"start":{"line":184,"column":16},"end":{"line":184,"column":70}},"type":"binary-expr","locations":[{"start":{"line":184,"column":16},"end":{"line":184,"column":51}},{"start":{"line":184,"column":51},"end":{"line":184,"column":70}}],"line":184},"16":{"loc":{"start":{"line":187,"column":12},"end":{"line":189,"column":null}},"type":"if","locations":[{"start":{"line":187,"column":12},"end":{"line":189,"column":null}},{"start":{},"end":{}}],"line":187},"17":{"loc":{"start":{"line":187,"column":16},"end":{"line":187,"column":69}},"type":"binary-expr","locations":[{"start":{"line":187,"column":16},"end":{"line":187,"column":51}},{"start":{"line":187,"column":51},"end":{"line":187,"column":69}}],"line":187},"18":{"loc":{"start":{"line":190,"column":12},"end":{"line":192,"column":null}},"type":"if","locations":[{"start":{"line":190,"column":12},"end":{"line":192,"column":null}},{"start":{},"end":{}}],"line":190},"19":{"loc":{"start":{"line":217,"column":12},"end":{"line":220,"column":null}},"type":"if","locations":[{"start":{"line":217,"column":12},"end":{"line":220,"column":null}},{"start":{},"end":{}}],"line":217},"20":{"loc":{"start":{"line":227,"column":12},"end":{"line":229,"column":null}},"type":"if","locations":[{"start":{"line":227,"column":12},"end":{"line":229,"column":null}},{"start":{},"end":{}}],"line":227},"21":{"loc":{"start":{"line":271,"column":37},"end":{"line":308,"column":null}},"type":"binary-expr","locations":[{"start":{"line":271,"column":37},"end":{"line":271,"column":null}},{"start":{"line":272,"column":40},"end":{"line":308,"column":null}}],"line":271},"22":{"loc":{"start":{"line":320,"column":37},"end":{"line":350,"column":null}},"type":"binary-expr","locations":[{"start":{"line":320,"column":37},"end":{"line":320,"column":null}},{"start":{"line":321,"column":40},"end":{"line":350,"column":null}}],"line":320},"23":{"loc":{"start":{"line":362,"column":37},"end":{"line":390,"column":null}},"type":"binary-expr","locations":[{"start":{"line":362,"column":37},"end":{"line":362,"column":null}},{"start":{"line":363,"column":40},"end":{"line":390,"column":null}}],"line":362},"24":{"loc":{"start":{"line":367,"column":52},"end":{"line":371,"column":null}},"type":"if","locations":[{"start":{"line":367,"column":52},"end":{"line":371,"column":null}},{"start":{"line":369,"column":59},"end":{"line":371,"column":null}}],"line":367},"25":{"loc":{"start":{"line":398,"column":29},"end":{"line":535,"column":null}},"type":"cond-expr","locations":[{"start":{"line":400,"column":32},"end":{"line":489,"column":null}},{"start":{"line":492,"column":32},"end":{"line":535,"column":null}}],"line":398},"26":{"loc":{"start":{"line":401,"column":37},"end":{"line":409,"column":null}},"type":"binary-expr","locations":[{"start":{"line":401,"column":37},"end":{"line":401,"column":null}},{"start":{"line":402,"column":40},"end":{"line":409,"column":null}}],"line":401},"27":{"loc":{"start":{"line":412,"column":37},"end":{"line":487,"column":null}},"type":"binary-expr","locations":[{"start":{"line":412,"column":37},"end":{"line":412,"column":null}},{"start":{"line":413,"column":40},"end":{"line":487,"column":null}}],"line":412},"28":{"loc":{"start":{"line":435,"column":81},"end":{"line":435,"column":145}},"type":"cond-expr","locations":[{"start":{"line":435,"column":115},"end":{"line":435,"column":132}},{"start":{"line":435,"column":132},"end":{"line":435,"column":145}}],"line":435},"29":{"loc":{"start":{"line":438,"column":69},"end":{"line":438,"column":116}},"type":"cond-expr","locations":[{"start":{"line":438,"column":98},"end":{"line":438,"column":114}},{"start":{"line":438,"column":114},"end":{"line":438,"column":116}}],"line":438},"30":{"loc":{"start":{"line":449,"column":69},"end":{"line":449,"column":110}},"type":"cond-expr","locations":[{"start":{"line":449,"column":92},"end":{"line":449,"column":108}},{"start":{"line":449,"column":108},"end":{"line":449,"column":110}}],"line":449},"31":{"loc":{"start":{"line":457,"column":68},"end":{"line":457,"column":94}},"type":"cond-expr","locations":[{"start":{"line":457,"column":80},"end":{"line":457,"column":92}},{"start":{"line":457,"column":92},"end":{"line":457,"column":94}}],"line":457},"32":{"loc":{"start":{"line":458,"column":54},"end":{"line":458,"column":null}},"type":"binary-expr","locations":[{"start":{"line":458,"column":54},"end":{"line":458,"column":67}},{"start":{"line":458,"column":67},"end":{"line":458,"column":96}},{"start":{"line":458,"column":96},"end":{"line":458,"column":null}}],"line":458},"33":{"loc":{"start":{"line":460,"column":45},"end":{"line":460,"column":null}},"type":"cond-expr","locations":[{"start":{"line":460,"column":57},"end":{"line":460,"column":62}},{"start":{"line":460,"column":62},"end":{"line":460,"column":null}}],"line":460},"34":{"loc":{"start":{"line":463,"column":88},"end":{"line":464,"column":null}},"type":"binary-expr","locations":[{"start":{"line":463,"column":88},"end":{"line":463,"column":null}},{"start":{"line":464,"column":52},"end":{"line":464,"column":null}}],"line":463},"35":{"loc":{"start":{"line":467,"column":49},"end":{"line":468,"column":null}},"type":"binary-expr","locations":[{"start":{"line":467,"column":49},"end":{"line":467,"column":null}},{"start":{"line":468,"column":52},"end":{"line":468,"column":null}}],"line":467},"36":{"loc":{"start":{"line":471,"column":49},"end":{"line":474,"column":null}},"type":"binary-expr","locations":[{"start":{"line":471,"column":49},"end":{"line":471,"column":null}},{"start":{"line":472,"column":52},"end":{"line":474,"column":null}}],"line":471},"37":{"loc":{"start":{"line":504,"column":37},"end":{"line":533,"column":null}},"type":"binary-expr","locations":[{"start":{"line":504,"column":37},"end":{"line":504,"column":null}},{"start":{"line":505,"column":40},"end":{"line":533,"column":null}}],"line":504},"38":{"loc":{"start":{"line":520,"column":49},"end":{"line":523,"column":null}},"type":"binary-expr","locations":[{"start":{"line":520,"column":49},"end":{"line":520,"column":null}},{"start":{"line":521,"column":52},"end":{"line":523,"column":null}}],"line":520}},"s":{"0":1,"1":8,"2":8,"3":8,"4":8,"5":8,"6":8,"7":8,"8":8,"9":8,"10":8,"11":8,"12":4,"13":4,"14":4,"15":8,"16":0,"17":0,"18":0,"19":0,"20":0,"21":0,"22":8,"23":0,"24":0,"25":0,"26":0,"27":8,"28":0,"29":0,"30":8,"31":4,"32":4,"33":8,"34":0,"35":0,"36":0,"37":0,"38":0,"39":0,"40":0,"41":0,"42":0,"43":0,"44":0,"45":0,"46":0,"47":0,"48":0,"49":0,"50":0,"51":0,"52":0,"53":0,"54":0,"55":0,"56":0,"57":0,"58":0,"59":8,"60":0,"61":0,"62":0,"63":0,"64":0,"65":0,"66":0,"67":8,"68":0,"69":0,"70":0,"71":0,"72":8,"73":0,"74":0,"75":0,"76":8,"77":0,"78":0,"79":0,"80":0,"81":0,"82":0,"83":0,"84":0,"85":0,"86":0,"87":0,"88":0,"89":0,"90":8,"91":4,"92":0,"93":0,"94":0,"95":4,"96":4,"97":4,"98":4,"99":0,"100":8,"101":0,"102":0,"103":0,"104":0,"105":0,"106":0,"107":0,"108":0,"109":0,"110":0,"111":0},"f":{"0":8,"1":4,"2":0,"3":0,"4":0,"5":4,"6":4,"7":0,"8":0,"9":0,"10":0,"11":0,"12":0,"13":0,"14":0,"15":4,"16":0,"17":4,"18":0,"19":0,"20":0,"21":0,"22":0,"23":0,"24":0,"25":0,"26":0},"b":{"0":[4,0],"1":[0,0,0],"2":[0,0],"3":[0,0],"4":[0,0],"5":[0,0],"6":[0,0],"7":[0,0],"8":[0,0],"9":[0,0,0,0],"10":[0,0],"11":[0,0],"12":[0,0],"13":[0,0],"14":[0,0],"15":[0,0],"16":[0,0],"17":[0,0],"18":[0,0],"19":[0,0],"20":[0,4],"21":[8,0],"22":[8,0],"23":[8,0],"24":[0,0],"25":[4,4],"26":[4,4],"27":[4,0],"28":[0,0],"29":[0,0],"30":[0,0],"31":[0,0],"32":[0,0,0],"33":[0,0],"34":[0,0],"35":[0,0],"36":[0,0],"37":[4,0],"38":[0,0]},"meta":{"lastBranch":39,"lastFunction":27,"lastStatement":112,"seen":{"s:5:18:543:Infinity":0,"f:5:18:5:24":0,"s:7:46:7:Infinity":1,"s:8:40:8:Infinity":2,"s:9:38:9:Infinity":3,"s:10:44:10:Infinity":4,"s:11:46:11:Infinity":5,"s:14:34:18:Infinity":6,"s:19:36:19:Infinity":7,"s:20:38:20:Infinity":8,"s:21:34:21:Infinity":9,"s:22:10:22:Infinity":10,"s:25:4:30:Infinity":11,"f:25:14:25:20":1,"s:26:21:26:Infinity":12,"b:27:8:29:Infinity:undefined:undefined:undefined:undefined":0,"s:27:8:29:Infinity":13,"s:28:12:28:Infinity":14,"s:33:26:48:Infinity":15,"f:33:26:33:27":2,"b:35:12:40:Infinity:42:12:43:Infinity:45:12:46:Infinity":1,"s:34:8:47:Infinity":16,"b:36:16:40:Infinity:38:23:40:Infinity":2,"s:36:16:40:Infinity":17,"s:37:20:37:Infinity":18,"b:37:54:37:59:37:59:37:Infinity":3,"s:39:20:39:Infinity":19,"b:39:53:39:58:39:58:39:Infinity":4,"s:43:16:43:Infinity":20,"b:43:43:43:48:43:48:43:Infinity":5,"s:46:16:46:Infinity":21,"s:51:30:61:Infinity":22,"f:51:30:51:36":3,"s:53:8:53:Infinity":23,"s:54:8:54:Infinity":24,"s:55:8:55:Infinity":25,"s:56:8:60:Infinity":26,"s:63:27:67:Infinity":27,"f:63:27:63:33":4,"s:65:8:65:Infinity":28,"s:66:8:66:Infinity":29,"s:70:4:75:Infinity":30,"f:70:14:70:20":5,"s:71:8:74:Infinity":31,"f:71:23:71:32":6,"s:71:32:74:10":32,"s:78:24:144:Infinity":33,"f:78:24:78:31":7,"s:79:8:79:Infinity":34,"s:80:8:80:Infinity":35,"s:83:30:83:Infinity":36,"s:84:30:84:Infinity":37,"b:86:8:93:Infinity:undefined:undefined:undefined:undefined":6,"s:86:8:93:Infinity":38,"b:86:12:86:29:86:29:86:44":7,"s:87:12:90:Infinity":39,"s:91:12:91:Infinity":40,"s:92:12:92:Infinity":41,"s:95:8:95:Infinity":42,"s:97:8:143:Infinity":43,"s:99:29:103:Infinity":44,"s:107:33:107:Infinity":45,"b:109:12:111:Infinity:undefined:undefined:undefined:undefined":8,"s:109:12:111:Infinity":46,"b:109:16:109:33:109:33:109:62:109:62:109:92:109:92:109:112":9,"s:110:16:110:Infinity":47,"s:114:35:118:Infinity":48,"s:121:12:121:Infinity":49,"s:124:12:124:Infinity":50,"s:125:12:125:Infinity":51,"s:126:12:126:Infinity":52,"s:127:12:127:Infinity":53,"s:130:12:135:Infinity":54,"s:138:12:138:Infinity":55,"s:139:18:139:Infinity":56,"s:140:12:140:Infinity":57,"b:140:26:140:38:140:38:140:99":10,"s:142:12:142:Infinity":58,"s:146:25:164:Infinity":59,"f:146:25:146:31":8,"s:148:25:148:Infinity":60,"b:148:25:148:46:148:46:148:Infinity":11,"s:151:8:151:Infinity":61,"s:152:8:152:Infinity":62,"s:153:8:153:Infinity":63,"s:154:8:154:Infinity":64,"s:155:8:155:Infinity":65,"s:158:8:163:Infinity":66,"s:166:32:172:Infinity":67,"f:166:32:166:33":9,"b:167:8:170:Infinity:undefined:undefined:undefined:undefined":12,"s:167:8:170:Infinity":68,"s:168:12:168:Infinity":69,"s:169:12:169:Infinity":70,"s:171:8:171:Infinity":71,"s:174:32:179:Infinity":72,"f:174:32:174:38":10,"s:175:24:177:Infinity":73,"f:175:35:175:41":11,"s:176:12:176:Infinity":74,"s:178:8:178:Infinity":75,"s:181:30:212:Infinity":76,"f:181:30:181:31":12,"b:183:8:193:Infinity:undefined:undefined:undefined:undefined":13,"s:183:8:193:Infinity":77,"b:184:12:186:Infinity:undefined:undefined:undefined:undefined":14,"s:184:12:186:Infinity":78,"b:184:16:184:51:184:51:184:70":15,"s:185:16:185:Infinity":79,"b:187:12:189:Infinity:undefined:undefined:undefined:undefined":16,"s:187:12:189:Infinity":80,"b:187:16:187:51:187:51:187:69":17,"s:188:16:188:Infinity":81,"b:190:12:192:Infinity:undefined:undefined:undefined:undefined":18,"s:190:12:192:Infinity":82,"s:191:16:191:Infinity":83,"s:199:8:202:Infinity":84,"f:199:21:199:30":13,"s:199:30:202:10":85,"s:205:25:205:Infinity":86,"s:206:8:209:Infinity":87,"f:206:23:206:32":14,"s:206:32:209:10":88,"s:211:8:211:Infinity":89,"s:215:4:231:Infinity":90,"f:215:14:215:20":15,"s:216:35:221:Infinity":91,"f:216:35:216:36":16,"b:217:12:220:Infinity:undefined:undefined:undefined:undefined":19,"s:217:12:220:Infinity":92,"s:218:16:218:Infinity":93,"s:219:16:219:Infinity":94,"s:223:8:223:Infinity":95,"s:224:8:230:Infinity":96,"f:224:15:224:21":17,"s:225:12:225:Infinity":97,"b:227:12:229:Infinity:undefined:undefined:undefined:undefined":20,"s:227:12:229:Infinity":98,"s:228:16:228:Infinity":99,"s:233:4:541:Infinity":100,"f:267:50:267:56":18,"s:267:56:267:Infinity":101,"b:271:37:271:Infinity:272:40:308:Infinity":21,"f:316:50:316:56":19,"s:316:56:316:Infinity":102,"b:320:37:320:Infinity:321:40:350:Infinity":22,"f:358:50:358:56":20,"s:358:56:358:Infinity":103,"b:362:37:362:Infinity:363:40:390:Infinity":23,"f:366:57:366:63":21,"b:367:52:371:Infinity:369:59:371:Infinity":24,"s:367:52:371:Infinity":104,"s:368:56:368:Infinity":105,"s:370:56:370:Infinity":106,"f:382:57:382:63":22,"s:382:63:382:Infinity":107,"b:400:32:489:Infinity:492:32:535:Infinity":25,"b:401:37:401:Infinity:402:40:409:Infinity":26,"b:412:37:412:Infinity:413:40:487:Infinity":27,"f:425:54:425:55":23,"s:425:61:425:Infinity":108,"b:435:115:435:132:435:132:435:145":28,"f:437:54:437:55":24,"s:437:61:437:Infinity":109,"b:438:98:438:114:438:114:438:116":29,"f:448:54:448:55":25,"s:448:61:448:Infinity":110,"b:449:92:449:108:449:108:449:110":30,"b:457:80:457:92:457:92:457:94":31,"b:458:54:458:67:458:67:458:96:458:96:458:Infinity":32,"b:460:57:460:62:460:62:460:Infinity":33,"b:463:88:463:Infinity:464:52:464:Infinity":34,"b:467:49:467:Infinity:468:52:468:Infinity":35,"b:471:49:471:Infinity:472:52:474:Infinity":36,"b:504:37:504:Infinity:505:40:533:Infinity":37,"f:516:61:516:67":26,"s:516:67:516:Infinity":111,"b:520:49:520:Infinity:521:52:523:Infinity":38}}}
,"C:\\Users\\infoj\\OneDrive\\Documentos\\ingsoft\\ingsoft\\neocdt-project\\FRONTEND\\src\\components\\RejectCDTModal.jsx": {"path":"C:\\Users\\infoj\\OneDrive\\Documentos\\ingsoft\\ingsoft\\neocdt-project\\FRONTEND\\src\\components\\RejectCDTModal.jsx","statementMap":{"0":{"start":{"line":3,"column":23},"end":{"line":141,"column":null}},"1":{"start":{"line":4,"column":40},"end":{"line":4,"column":null}},"2":{"start":{"line":5,"column":38},"end":{"line":5,"column":null}},"3":{"start":{"line":6,"column":26},"end":{"line":6,"column":null}},"4":{"start":{"line":8,"column":4},"end":{"line":8,"column":null}},"5":{"start":{"line":8,"column":17},"end":{"line":8,"column":null}},"6":{"start":{"line":10,"column":25},"end":{"line":30,"column":null}},"7":{"start":{"line":12,"column":8},"end":{"line":15,"column":null}},"8":{"start":{"line":13,"column":12},"end":{"line":13,"column":null}},"9":{"start":{"line":14,"column":12},"end":{"line":14,"column":null}},"10":{"start":{"line":17,"column":8},"end":{"line":17,"column":null}},"11":{"start":{"line":18,"column":8},"end":{"line":18,"column":null}},"12":{"start":{"line":20,"column":8},"end":{"line":29,"column":null}},"13":{"start":{"line":21,"column":12},"end":{"line":21,"column":null}},"14":{"start":{"line":22,"column":12},"end":{"line":22,"column":null}},"15":{"start":{"line":23,"column":12},"end":{"line":23,"column":null}},"16":{"start":{"line":25,"column":12},"end":{"line":25,"column":null}},"17":{"start":{"line":26,"column":12},"end":{"line":26,"column":null}},"18":{"start":{"line":28,"column":12},"end":{"line":28,"column":null}},"19":{"start":{"line":32,"column":24},"end":{"line":36,"column":null}},"20":{"start":{"line":33,"column":8},"end":{"line":33,"column":null}},"21":{"start":{"line":34,"column":8},"end":{"line":34,"column":null}},"22":{"start":{"line":35,"column":8},"end":{"line":35,"column":null}},"23":{"start":{"line":38,"column":4},"end":{"line":139,"column":null}},"24":{"start":{"line":40,"column":74},"end":{"line":40,"column":null}},"25":{"start":{"line":97,"column":32},"end":{"line":97,"column":null}},"26":{"start":{"line":98,"column":32},"end":{"line":98,"column":null}}},"fnMap":{"0":{"name":"(anonymous_0)","decl":{"start":{"line":3,"column":23},"end":{"line":3,"column":24}},"loc":{"start":{"line":3,"column":67},"end":{"line":141,"column":null}},"line":3},"1":{"name":"(anonymous_1)","decl":{"start":{"line":10,"column":25},"end":{"line":10,"column":37}},"loc":{"start":{"line":10,"column":37},"end":{"line":30,"column":null}},"line":10},"2":{"name":"(anonymous_2)","decl":{"start":{"line":32,"column":24},"end":{"line":32,"column":30}},"loc":{"start":{"line":32,"column":30},"end":{"line":36,"column":null}},"line":32},"3":{"name":"(anonymous_3)","decl":{"start":{"line":40,"column":67},"end":{"line":40,"column":68}},"loc":{"start":{"line":40,"column":74},"end":{"line":40,"column":null}},"line":40},"4":{"name":"(anonymous_4)","decl":{"start":{"line":96,"column":38},"end":{"line":96,"column":39}},"loc":{"start":{"line":96,"column":45},"end":{"line":99,"column":null}},"line":96}},"branchMap":{"0":{"loc":{"start":{"line":8,"column":4},"end":{"line":8,"column":null}},"type":"if","locations":[{"start":{"line":8,"column":4},"end":{"line":8,"column":null}},{"start":{},"end":{}}],"line":8},"1":{"loc":{"start":{"line":12,"column":8},"end":{"line":15,"column":null}},"type":"if","locations":[{"start":{"line":12,"column":8},"end":{"line":15,"column":null}},{"start":{},"end":{}}],"line":12},"2":{"loc":{"start":{"line":26,"column":21},"end":{"line":26,"column":80}},"type":"binary-expr","locations":[{"start":{"line":26,"column":21},"end":{"line":26,"column":54}},{"start":{"line":26,"column":54},"end":{"line":26,"column":80}}],"line":26},"3":{"loc":{"start":{"line":66,"column":65},"end":{"line":66,"column":92}},"type":"binary-expr","locations":[{"start":{"line":66,"column":65},"end":{"line":66,"column":86}},{"start":{"line":66,"column":86},"end":{"line":66,"column":92}}],"line":66},"4":{"loc":{"start":{"line":70,"column":65},"end":{"line":70,"column":96}},"type":"binary-expr","locations":[{"start":{"line":70,"column":65},"end":{"line":70,"column":90}},{"start":{"line":70,"column":90},"end":{"line":70,"column":96}}],"line":70},"5":{"loc":{"start":{"line":102,"column":39},"end":{"line":102,"column":null}},"type":"cond-expr","locations":[{"start":{"line":102,"column":47},"end":{"line":102,"column":57}},{"start":{"line":102,"column":57},"end":{"line":102,"column":null}}],"line":102},"6":{"loc":{"start":{"line":104,"column":25},"end":{"line":104,"column":null}},"type":"binary-expr","locations":[{"start":{"line":104,"column":25},"end":{"line":104,"column":34}},{"start":{"line":104,"column":34},"end":{"line":104,"column":null}}],"line":104},"7":{"loc":{"start":{"line":133,"column":34},"end":{"line":133,"column":null}},"type":"binary-expr","locations":[{"start":{"line":133,"column":34},"end":{"line":133,"column":49}},{"start":{"line":133,"column":49},"end":{"line":133,"column":null}}],"line":133},"8":{"loc":{"start":{"line":135,"column":25},"end":{"line":135,"column":null}},"type":"cond-expr","locations":[{"start":{"line":135,"column":39},"end":{"line":135,"column":57}},{"start":{"line":135,"column":57},"end":{"line":135,"column":null}}],"line":135}},"s":{"0":2,"1":1,"2":1,"3":1,"4":1,"5":0,"6":1,"7":0,"8":0,"9":0,"10":0,"11":0,"12":0,"13":0,"14":0,"15":0,"16":0,"17":0,"18":0,"19":1,"20":0,"21":0,"22":0,"23":1,"24":0,"25":0,"26":0},"f":{"0":1,"1":0,"2":0,"3":0,"4":0},"b":{"0":[0,1],"1":[0,0],"2":[0,0],"3":[1,0],"4":[1,1],"5":[0,1],"6":[1,0],"7":[1,1],"8":[0,1]},"meta":{"lastBranch":9,"lastFunction":5,"lastStatement":27,"seen":{"s:3:23:141:Infinity":0,"f:3:23:3:24":0,"s:4:40:4:Infinity":1,"s:5:38:5:Infinity":2,"s:6:26:6:Infinity":3,"b:8:4:8:Infinity:undefined:undefined:undefined:undefined":0,"s:8:4:8:Infinity":4,"s:8:17:8:Infinity":5,"s:10:25:30:Infinity":6,"f:10:25:10:37":1,"b:12:8:15:Infinity:undefined:undefined:undefined:undefined":1,"s:12:8:15:Infinity":7,"s:13:12:13:Infinity":8,"s:14:12:14:Infinity":9,"s:17:8:17:Infinity":10,"s:18:8:18:Infinity":11,"s:20:8:29:Infinity":12,"s:21:12:21:Infinity":13,"s:22:12:22:Infinity":14,"s:23:12:23:Infinity":15,"s:25:12:25:Infinity":16,"s:26:12:26:Infinity":17,"b:26:21:26:54:26:54:26:80":2,"s:28:12:28:Infinity":18,"s:32:24:36:Infinity":19,"f:32:24:32:30":2,"s:33:8:33:Infinity":20,"s:34:8:34:Infinity":21,"s:35:8:35:Infinity":22,"s:38:4:139:Infinity":23,"f:40:67:40:68":3,"s:40:74:40:Infinity":24,"b:66:65:66:86:66:86:66:92":3,"b:70:65:70:90:70:90:70:96":4,"f:96:38:96:39":4,"s:97:32:97:Infinity":25,"s:98:32:98:Infinity":26,"b:102:47:102:57:102:57:102:Infinity":5,"b:104:25:104:34:104:34:104:Infinity":6,"b:133:34:133:49:133:49:133:Infinity":7,"b:135:39:135:57:135:57:135:Infinity":8}}}
,"C:\\Users\\infoj\\OneDrive\\Documentos\\ingsoft\\ingsoft\\neocdt-project\\FRONTEND\\src\\components\\Toast.jsx": {"path":"C:\\Users\\infoj\\OneDrive\\Documentos\\ingsoft\\ingsoft\\neocdt-project\\FRONTEND\\src\\components\\Toast.jsx","statementMap":{"0":{"start":{"line":3,"column":14},"end":{"line":26,"column":null}},"1":{"start":{"line":4,"column":4},"end":{"line":10,"column":null}},"2":{"start":{"line":5,"column":22},"end":{"line":7,"column":null}},"3":{"start":{"line":6,"column":12},"end":{"line":6,"column":null}},"4":{"start":{"line":9,"column":8},"end":{"line":9,"column":null}},"5":{"start":{"line":9,"column":21},"end":{"line":9,"column":null}},"6":{"start":{"line":12,"column":18},"end":{"line":17,"column":null}},"7":{"start":{"line":19,"column":4},"end":{"line":24,"column":null}}},"fnMap":{"0":{"name":"(anonymous_0)","decl":{"start":{"line":3,"column":14},"end":{"line":3,"column":15}},"loc":{"start":{"line":3,"column":75},"end":{"line":26,"column":null}},"line":3},"1":{"name":"(anonymous_1)","decl":{"start":{"line":4,"column":14},"end":{"line":4,"column":20}},"loc":{"start":{"line":4,"column":20},"end":{"line":10,"column":7}},"line":4},"2":{"name":"(anonymous_2)","decl":{"start":{"line":5,"column":33},"end":{"line":5,"column":39}},"loc":{"start":{"line":5,"column":39},"end":{"line":7,"column":11}},"line":5},"3":{"name":"(anonymous_3)","decl":{"start":{"line":9,"column":15},"end":{"line":9,"column":21}},"loc":{"start":{"line":9,"column":21},"end":{"line":9,"column":null}},"line":9}},"branchMap":{"0":{"loc":{"start":{"line":3,"column":26},"end":{"line":3,"column":44}},"type":"default-arg","locations":[{"start":{"line":3,"column":33},"end":{"line":3,"column":44}}],"line":3},"1":{"loc":{"start":{"line":3,"column":44},"end":{"line":3,"column":61}},"type":"default-arg","locations":[{"start":{"line":3,"column":55},"end":{"line":3,"column":61}}],"line":3}},"s":{"0":1,"1":2,"2":2,"3":0,"4":2,"5":2,"6":2,"7":2},"f":{"0":2,"1":2,"2":0,"3":2},"b":{"0":[2],"1":[2]},"meta":{"lastBranch":2,"lastFunction":4,"lastStatement":8,"seen":{"s:3:14:26:Infinity":0,"f:3:14:3:15":0,"b:3:33:3:44":0,"b:3:55:3:61":1,"s:4:4:10:Infinity":1,"f:4:14:4:20":1,"s:5:22:7:Infinity":2,"f:5:33:5:39":2,"s:6:12:6:Infinity":3,"s:9:8:9:Infinity":4,"f:9:15:9:21":3,"s:9:21:9:Infinity":5,"s:12:18:17:Infinity":6,"s:19:4:24:Infinity":7}}}
,"C:\\Users\\infoj\\OneDrive\\Documentos\\ingsoft\\ingsoft\\neocdt-project\\FRONTEND\\src\\pages\\AccountStatement.jsx": {"path":"C:\\Users\\infoj\\OneDrive\\Documentos\\ingsoft\\ingsoft\\neocdt-project\\FRONTEND\\src\\pages\\AccountStatement.jsx","statementMap":{"0":{"start":{"line":4,"column":25},"end":{"line":314,"column":null}},"1":{"start":{"line":5,"column":38},"end":{"line":5,"column":null}},"2":{"start":{"line":6,"column":40},"end":{"line":6,"column":null}},"3":{"start":{"line":7,"column":28},"end":{"line":7,"column":null}},"4":{"start":{"line":8,"column":34},"end":{"line":8,"column":null}},"5":{"start":{"line":9,"column":10},"end":{"line":9,"column":null}},"6":{"start":{"line":12,"column":4},"end":{"line":22,"column":null}},"7":{"start":{"line":13,"column":21},"end":{"line":13,"column":null}},"8":{"start":{"line":14,"column":8},"end":{"line":17,"column":null}},"9":{"start":{"line":15,"column":12},"end":{"line":15,"column":null}},"10":{"start":{"line":16,"column":12},"end":{"line":16,"column":null}},"11":{"start":{"line":19,"column":25},"end":{"line":19,"column":null}},"12":{"start":{"line":20,"column":8},"end":{"line":20,"column":null}},"13":{"start":{"line":21,"column":8},"end":{"line":21,"column":null}},"14":{"start":{"line":25,"column":37},"end":{"line":103,"column":null}},"15":{"start":{"line":27,"column":33},"end":{"line":100,"column":null}},"16":{"start":{"line":102,"column":8},"end":{"line":102,"column":null}},"17":{"start":{"line":106,"column":27},"end":{"line":114,"column":null}},"18":{"start":{"line":108,"column":8},"end":{"line":113,"column":null}},"19":{"start":{"line":116,"column":31},"end":{"line":129,"column":null}},"20":{"start":{"line":118,"column":22},"end":{"line":127,"column":null}},"21":{"start":{"line":128,"column":8},"end":{"line":128,"column":null}},"22":{"start":{"line":131,"column":32},"end":{"line":134,"column":null}},"23":{"start":{"line":133,"column":8},"end":{"line":133,"column":null}},"24":{"start":{"line":137,"column":33},"end":{"line":144,"column":null}},"25":{"start":{"line":139,"column":8},"end":{"line":139,"column":null}},"26":{"start":{"line":139,"column":30},"end":{"line":139,"column":null}},"27":{"start":{"line":140,"column":8},"end":{"line":140,"column":null}},"28":{"start":{"line":140,"column":33},"end":{"line":140,"column":null}},"29":{"start":{"line":141,"column":8},"end":{"line":141,"column":null}},"30":{"start":{"line":141,"column":35},"end":{"line":141,"column":null}},"31":{"start":{"line":142,"column":8},"end":{"line":142,"column":null}},"32":{"start":{"line":142,"column":30},"end":{"line":142,"column":null}},"33":{"start":{"line":143,"column":8},"end":{"line":143,"column":null}},"34":{"start":{"line":147,"column":29},"end":{"line":158,"column":null}},"35":{"start":{"line":149,"column":23},"end":{"line":151,"column":null}},"36":{"start":{"line":150,"column":25},"end":{"line":150,"column":37}},"37":{"start":{"line":151,"column":32},"end":{"line":151,"column":48}},"38":{"start":{"line":153,"column":25},"end":{"line":155,"column":null}},"39":{"start":{"line":154,"column":25},"end":{"line":154,"column":37}},"40":{"start":{"line":155,"column":32},"end":{"line":155,"column":58}},"41":{"start":{"line":157,"column":8},"end":{"line":157,"column":null}},"42":{"start":{"line":160,"column":20},"end":{"line":160,"column":null}},"43":{"start":{"line":162,"column":4},"end":{"line":164,"column":null}},"44":{"start":{"line":163,"column":8},"end":{"line":163,"column":null}},"45":{"start":{"line":166,"column":4},"end":{"line":312,"column":null}},"46":{"start":{"line":212,"column":49},"end":{"line":212,"column":null}},"47":{"start":{"line":227,"column":49},"end":{"line":227,"column":null}},"48":{"start":{"line":247,"column":28},"end":{"line":271,"column":null}}},"fnMap":{"0":{"name":"(anonymous_0)","decl":{"start":{"line":4,"column":25},"end":{"line":4,"column":31}},"loc":{"start":{"line":4,"column":31},"end":{"line":314,"column":null}},"line":4},"1":{"name":"(anonymous_1)","decl":{"start":{"line":12,"column":14},"end":{"line":12,"column":20}},"loc":{"start":{"line":12,"column":20},"end":{"line":22,"column":7}},"line":12},"2":{"name":"(anonymous_2)","decl":{"start":{"line":25,"column":37},"end":{"line":25,"column":43}},"loc":{"start":{"line":25,"column":43},"end":{"line":103,"column":null}},"line":25},"3":{"name":"(anonymous_3)","decl":{"start":{"line":106,"column":27},"end":{"line":106,"column":28}},"loc":{"start":{"line":106,"column":39},"end":{"line":114,"column":null}},"line":106},"4":{"name":"(anonymous_4)","decl":{"start":{"line":116,"column":31},"end":{"line":116,"column":32}},"loc":{"start":{"line":116,"column":41},"end":{"line":129,"column":null}},"line":116},"5":{"name":"(anonymous_5)","decl":{"start":{"line":131,"column":32},"end":{"line":131,"column":33}},"loc":{"start":{"line":131,"column":44},"end":{"line":134,"column":null}},"line":131},"6":{"name":"(anonymous_6)","decl":{"start":{"line":137,"column":53},"end":{"line":137,"column":68}},"loc":{"start":{"line":137,"column":68},"end":{"line":144,"column":5}},"line":137},"7":{"name":"(anonymous_7)","decl":{"start":{"line":147,"column":29},"end":{"line":147,"column":35}},"loc":{"start":{"line":147,"column":35},"end":{"line":158,"column":null}},"line":147},"8":{"name":"(anonymous_8)","decl":{"start":{"line":150,"column":20},"end":{"line":150,"column":25}},"loc":{"start":{"line":150,"column":25},"end":{"line":150,"column":37}},"line":150},"9":{"name":"(anonymous_9)","decl":{"start":{"line":151,"column":20},"end":{"line":151,"column":21}},"loc":{"start":{"line":151,"column":32},"end":{"line":151,"column":48}},"line":151},"10":{"name":"(anonymous_10)","decl":{"start":{"line":154,"column":20},"end":{"line":154,"column":25}},"loc":{"start":{"line":154,"column":25},"end":{"line":154,"column":37}},"line":154},"11":{"name":"(anonymous_11)","decl":{"start":{"line":155,"column":20},"end":{"line":155,"column":21}},"loc":{"start":{"line":155,"column":32},"end":{"line":155,"column":58}},"line":155},"12":{"name":"(anonymous_12)","decl":{"start":{"line":212,"column":42},"end":{"line":212,"column":43}},"loc":{"start":{"line":212,"column":49},"end":{"line":212,"column":null}},"line":212},"13":{"name":"(anonymous_13)","decl":{"start":{"line":227,"column":42},"end":{"line":227,"column":43}},"loc":{"start":{"line":227,"column":49},"end":{"line":227,"column":null}},"line":227},"14":{"name":"(anonymous_14)","decl":{"start":{"line":246,"column":50},"end":{"line":246,"column":51}},"loc":{"start":{"line":247,"column":28},"end":{"line":271,"column":null}},"line":247}},"branchMap":{"0":{"loc":{"start":{"line":14,"column":8},"end":{"line":17,"column":null}},"type":"if","locations":[{"start":{"line":14,"column":8},"end":{"line":17,"column":null}},{"start":{},"end":{}}],"line":14},"1":{"loc":{"start":{"line":128,"column":15},"end":{"line":128,"column":null}},"type":"binary-expr","locations":[{"start":{"line":128,"column":15},"end":{"line":128,"column":30}},{"start":{"line":128,"column":30},"end":{"line":128,"column":null}}],"line":128},"2":{"loc":{"start":{"line":133,"column":15},"end":{"line":133,"column":null}},"type":"cond-expr","locations":[{"start":{"line":133,"column":28},"end":{"line":133,"column":41}},{"start":{"line":133,"column":41},"end":{"line":133,"column":null}}],"line":133},"3":{"loc":{"start":{"line":139,"column":8},"end":{"line":139,"column":null}},"type":"if","locations":[{"start":{"line":139,"column":8},"end":{"line":139,"column":null}},{"start":{},"end":{}}],"line":139},"4":{"loc":{"start":{"line":140,"column":8},"end":{"line":140,"column":null}},"type":"if","locations":[{"start":{"line":140,"column":8},"end":{"line":140,"column":null}},{"start":{},"end":{}}],"line":140},"5":{"loc":{"start":{"line":141,"column":8},"end":{"line":141,"column":null}},"type":"if","locations":[{"start":{"line":141,"column":8},"end":{"line":141,"column":null}},{"start":{},"end":{}}],"line":141},"6":{"loc":{"start":{"line":142,"column":8},"end":{"line":142,"column":null}},"type":"if","locations":[{"start":{"line":142,"column":8},"end":{"line":142,"column":null}},{"start":{},"end":{}}],"line":142},"7":{"loc":{"start":{"line":162,"column":4},"end":{"line":164,"column":null}},"type":"if","locations":[{"start":{"line":162,"column":4},"end":{"line":164,"column":null}},{"start":{},"end":{}}],"line":162},"8":{"loc":{"start":{"line":199,"column":56},"end":{"line":199,"column":85}},"type":"binary-expr","locations":[{"start":{"line":199,"column":56},"end":{"line":199,"column":84}},{"start":{"line":199,"column":84},"end":{"line":199,"column":85}}],"line":199},"9":{"loc":{"start":{"line":265,"column":41},"end":{"line":265,"column":77}},"type":"cond-expr","locations":[{"start":{"line":265,"column":66},"end":{"line":265,"column":72}},{"start":{"line":265,"column":72},"end":{"line":265,"column":77}}],"line":265},"10":{"loc":{"start":{"line":275,"column":21},"end":{"line":280,"column":null}},"type":"binary-expr","locations":[{"start":{"line":275,"column":21},"end":{"line":275,"column":null}},{"start":{"line":276,"column":24},"end":{"line":280,"column":null}}],"line":275}},"s":{"0":1,"1":2,"2":2,"3":2,"4":2,"5":2,"6":2,"7":1,"8":1,"9":1,"10":1,"11":0,"12":0,"13":0,"14":2,"15":0,"16":0,"17":2,"18":0,"19":2,"20":0,"21":0,"22":2,"23":0,"24":2,"25":0,"26":0,"27":0,"28":0,"29":0,"30":0,"31":0,"32":0,"33":0,"34":2,"35":2,"36":0,"37":0,"38":2,"39":0,"40":0,"41":2,"42":2,"43":2,"44":2,"45":0,"46":0,"47":0,"48":0},"f":{"0":2,"1":1,"2":0,"3":0,"4":0,"5":0,"6":0,"7":2,"8":0,"9":0,"10":0,"11":0,"12":0,"13":0,"14":0},"b":{"0":[1,0],"1":[0,0],"2":[0,0],"3":[0,0],"4":[0,0],"5":[0,0],"6":[0,0],"7":[2,0],"8":[0,0],"9":[0,0],"10":[2,0]},"meta":{"lastBranch":11,"lastFunction":15,"lastStatement":49,"seen":{"s:4:25:314:Infinity":0,"f:4:25:4:31":0,"s:5:38:5:Infinity":1,"s:6:40:6:Infinity":2,"s:7:28:7:Infinity":3,"s:8:34:8:Infinity":4,"s:9:10:9:Infinity":5,"s:12:4:22:Infinity":6,"f:12:14:12:20":1,"s:13:21:13:Infinity":7,"b:14:8:17:Infinity:undefined:undefined:undefined:undefined":0,"s:14:8:17:Infinity":8,"s:15:12:15:Infinity":9,"s:16:12:16:Infinity":10,"s:19:25:19:Infinity":11,"s:20:8:20:Infinity":12,"s:21:8:21:Infinity":13,"s:25:37:103:Infinity":14,"f:25:37:25:43":2,"s:27:33:100:Infinity":15,"s:102:8:102:Infinity":16,"s:106:27:114:Infinity":17,"f:106:27:106:28":3,"s:108:8:113:Infinity":18,"s:116:31:129:Infinity":19,"f:116:31:116:32":4,"s:118:22:127:Infinity":20,"s:128:8:128:Infinity":21,"b:128:15:128:30:128:30:128:Infinity":1,"s:131:32:134:Infinity":22,"f:131:32:131:33":5,"s:133:8:133:Infinity":23,"b:133:28:133:41:133:41:133:Infinity":2,"s:137:33:144:Infinity":24,"f:137:53:137:68":6,"b:139:8:139:Infinity:undefined:undefined:undefined:undefined":3,"s:139:8:139:Infinity":25,"s:139:30:139:Infinity":26,"b:140:8:140:Infinity:undefined:undefined:undefined:undefined":4,"s:140:8:140:Infinity":27,"s:140:33:140:Infinity":28,"b:141:8:141:Infinity:undefined:undefined:undefined:undefined":5,"s:141:8:141:Infinity":29,"s:141:35:141:Infinity":30,"b:142:8:142:Infinity:undefined:undefined:undefined:undefined":6,"s:142:8:142:Infinity":31,"s:142:30:142:Infinity":32,"s:143:8:143:Infinity":33,"s:147:29:158:Infinity":34,"f:147:29:147:35":7,"s:149:23:151:Infinity":35,"f:150:20:150:25":8,"s:150:25:150:37":36,"f:151:20:151:21":9,"s:151:32:151:48":37,"s:153:25:155:Infinity":38,"f:154:20:154:25":10,"s:154:25:154:37":39,"f:155:20:155:21":11,"s:155:32:155:58":40,"s:157:8:157:Infinity":41,"s:160:20:160:Infinity":42,"b:162:4:164:Infinity:undefined:undefined:undefined:undefined":7,"s:162:4:164:Infinity":43,"s:163:8:163:Infinity":44,"s:166:4:312:Infinity":45,"b:199:56:199:84:199:84:199:85":8,"f:212:42:212:43":12,"s:212:49:212:Infinity":46,"f:227:42:227:43":13,"s:227:49:227:Infinity":47,"f:246:50:246:51":14,"s:247:28:271:Infinity":48,"b:265:66:265:72:265:72:265:77":9,"b:275:21:275:Infinity:276:24:280:Infinity":10}}}
,"C:\\Users\\infoj\\OneDrive\\Documentos\\ingsoft\\ingsoft\\neocdt-project\\FRONTEND\\src\\pages\\AdminPanel.jsx": {"path":"C:\\Users\\infoj\\OneDrive\\Documentos\\ingsoft\\ingsoft\\neocdt-project\\FRONTEND\\src\\pages\\AdminPanel.jsx","statementMap":{"0":{"start":{"line":8,"column":19},"end":{"line":282,"column":null}},"1":{"start":{"line":9,"column":38},"end":{"line":9,"column":null}},"2":{"start":{"line":10,"column":26},"end":{"line":10,"column":null}},"3":{"start":{"line":11,"column":24},"end":{"line":11,"column":null}},"4":{"start":{"line":12,"column":28},"end":{"line":12,"column":null}},"5":{"start":{"line":13,"column":34},"end":{"line":13,"column":null}},"6":{"start":{"line":14,"column":46},"end":{"line":14,"column":null}},"7":{"start":{"line":15,"column":38},"end":{"line":15,"column":null}},"8":{"start":{"line":16,"column":10},"end":{"line":16,"column":null}},"9":{"start":{"line":18,"column":21},"end":{"line":40,"column":null}},"10":{"start":{"line":19,"column":8},"end":{"line":19,"column":null}},"11":{"start":{"line":20,"column":8},"end":{"line":39,"column":null}},"12":{"start":{"line":22,"column":30},"end":{"line":22,"column":null}},"13":{"start":{"line":23,"column":12},"end":{"line":23,"column":null}},"14":{"start":{"line":26,"column":12},"end":{"line":33,"column":null}},"15":{"start":{"line":27,"column":36},"end":{"line":27,"column":null}},"16":{"start":{"line":28,"column":16},"end":{"line":28,"column":null}},"17":{"start":{"line":30,"column":36},"end":{"line":30,"column":null}},"18":{"start":{"line":31,"column":32},"end":{"line":31,"column":null}},"19":{"start":{"line":32,"column":16},"end":{"line":32,"column":null}},"20":{"start":{"line":35,"column":12},"end":{"line":35,"column":null}},"21":{"start":{"line":36,"column":12},"end":{"line":36,"column":null}},"22":{"start":{"line":38,"column":12},"end":{"line":38,"column":null}},"23":{"start":{"line":42,"column":4},"end":{"line":58,"column":null}},"24":{"start":{"line":43,"column":21},"end":{"line":43,"column":null}},"25":{"start":{"line":44,"column":8},"end":{"line":47,"column":null}},"26":{"start":{"line":45,"column":12},"end":{"line":45,"column":null}},"27":{"start":{"line":46,"column":12},"end":{"line":46,"column":null}},"28":{"start":{"line":49,"column":25},"end":{"line":49,"column":null}},"29":{"start":{"line":50,"column":8},"end":{"line":54,"column":null}},"30":{"start":{"line":51,"column":12},"end":{"line":51,"column":null}},"31":{"start":{"line":52,"column":12},"end":{"line":52,"column":null}},"32":{"start":{"line":53,"column":12},"end":{"line":53,"column":null}},"33":{"start":{"line":56,"column":8},"end":{"line":56,"column":null}},"34":{"start":{"line":57,"column":8},"end":{"line":57,"column":null}},"35":{"start":{"line":60,"column":26},"end":{"line":73,"column":null}},"36":{"start":{"line":61,"column":8},"end":{"line":63,"column":null}},"37":{"start":{"line":62,"column":12},"end":{"line":62,"column":null}},"38":{"start":{"line":65,"column":8},"end":{"line":72,"column":null}},"39":{"start":{"line":66,"column":12},"end":{"line":66,"column":null}},"40":{"start":{"line":67,"column":12},"end":{"line":67,"column":null}},"41":{"start":{"line":68,"column":12},"end":{"line":68,"column":null}},"42":{"start":{"line":70,"column":12},"end":{"line":70,"column":null}},"43":{"start":{"line":71,"column":12},"end":{"line":71,"column":null}},"44":{"start":{"line":75,"column":30},"end":{"line":78,"column":null}},"45":{"start":{"line":76,"column":8},"end":{"line":76,"column":null}},"46":{"start":{"line":77,"column":8},"end":{"line":77,"column":null}},"47":{"start":{"line":80,"column":32},"end":{"line":91,"column":null}},"48":{"start":{"line":81,"column":8},"end":{"line":90,"column":null}},"49":{"start":{"line":82,"column":12},"end":{"line":82,"column":null}},"50":{"start":{"line":83,"column":12},"end":{"line":83,"column":null}},"51":{"start":{"line":84,"column":12},"end":{"line":84,"column":null}},"52":{"start":{"line":85,"column":12},"end":{"line":85,"column":null}},"53":{"start":{"line":87,"column":12},"end":{"line":87,"column":null}},"54":{"start":{"line":88,"column":12},"end":{"line":88,"column":null}},"55":{"start":{"line":89,"column":12},"end":{"line":89,"column":null}},"56":{"start":{"line":93,"column":27},"end":{"line":100,"column":null}},"57":{"start":{"line":94,"column":8},"end":{"line":99,"column":null}},"58":{"start":{"line":102,"column":23},"end":{"line":105,"column":null}},"59":{"start":{"line":103,"column":8},"end":{"line":103,"column":null}},"60":{"start":{"line":103,"column":25},"end":{"line":103,"column":null}},"61":{"start":{"line":104,"column":8},"end":{"line":104,"column":null}},"62":{"start":{"line":107,"column":4},"end":{"line":109,"column":null}},"63":{"start":{"line":108,"column":8},"end":{"line":108,"column":null}},"64":{"start":{"line":111,"column":4},"end":{"line":280,"column":null}},"65":{"start":{"line":163,"column":35},"end":{"line":163,"column":null}},"66":{"start":{"line":169,"column":35},"end":{"line":169,"column":null}},"67":{"start":{"line":175,"column":35},"end":{"line":175,"column":null}},"68":{"start":{"line":181,"column":35},"end":{"line":181,"column":null}},"69":{"start":{"line":224,"column":36},"end":{"line":260,"column":null}},"70":{"start":{"line":239,"column":71},"end":{"line":239,"column":null}},"71":{"start":{"line":245,"column":71},"end":{"line":245,"column":null}},"72":{"start":{"line":254,"column":67},"end":{"line":254,"column":null}},"73":{"start":{"line":273,"column":24},"end":{"line":273,"column":null}},"74":{"start":{"line":274,"column":24},"end":{"line":274,"column":null}}},"fnMap":{"0":{"name":"(anonymous_0)","decl":{"start":{"line":8,"column":19},"end":{"line":8,"column":25}},"loc":{"start":{"line":8,"column":25},"end":{"line":282,"column":null}},"line":8},"1":{"name":"(anonymous_1)","decl":{"start":{"line":18,"column":39},"end":{"line":18,"column":51}},"loc":{"start":{"line":18,"column":51},"end":{"line":40,"column":7}},"line":18},"2":{"name":"(anonymous_2)","decl":{"start":{"line":42,"column":14},"end":{"line":42,"column":20}},"loc":{"start":{"line":42,"column":20},"end":{"line":58,"column":7}},"line":42},"3":{"name":"(anonymous_3)","decl":{"start":{"line":60,"column":26},"end":{"line":60,"column":33}},"loc":{"start":{"line":60,"column":43},"end":{"line":73,"column":null}},"line":60},"4":{"name":"(anonymous_4)","decl":{"start":{"line":75,"column":30},"end":{"line":75,"column":31}},"loc":{"start":{"line":75,"column":39},"end":{"line":78,"column":null}},"line":75},"5":{"name":"(anonymous_5)","decl":{"start":{"line":80,"column":32},"end":{"line":80,"column":39}},"loc":{"start":{"line":80,"column":50},"end":{"line":91,"column":null}},"line":80},"6":{"name":"(anonymous_6)","decl":{"start":{"line":93,"column":27},"end":{"line":93,"column":28}},"loc":{"start":{"line":93,"column":39},"end":{"line":100,"column":null}},"line":93},"7":{"name":"(anonymous_7)","decl":{"start":{"line":102,"column":23},"end":{"line":102,"column":24}},"loc":{"start":{"line":102,"column":39},"end":{"line":105,"column":null}},"line":102},"8":{"name":"(anonymous_8)","decl":{"start":{"line":163,"column":29},"end":{"line":163,"column":35}},"loc":{"start":{"line":163,"column":35},"end":{"line":163,"column":null}},"line":163},"9":{"name":"(anonymous_9)","decl":{"start":{"line":169,"column":29},"end":{"line":169,"column":35}},"loc":{"start":{"line":169,"column":35},"end":{"line":169,"column":null}},"line":169},"10":{"name":"(anonymous_10)","decl":{"start":{"line":175,"column":29},"end":{"line":175,"column":35}},"loc":{"start":{"line":175,"column":35},"end":{"line":175,"column":null}},"line":175},"11":{"name":"(anonymous_11)","decl":{"start":{"line":181,"column":29},"end":{"line":181,"column":35}},"loc":{"start":{"line":181,"column":35},"end":{"line":181,"column":null}},"line":181},"12":{"name":"(anonymous_12)","decl":{"start":{"line":223,"column":42},"end":{"line":223,"column":43}},"loc":{"start":{"line":224,"column":36},"end":{"line":260,"column":null}},"line":224},"13":{"name":"(anonymous_13)","decl":{"start":{"line":239,"column":65},"end":{"line":239,"column":71}},"loc":{"start":{"line":239,"column":71},"end":{"line":239,"column":null}},"line":239},"14":{"name":"(anonymous_14)","decl":{"start":{"line":245,"column":65},"end":{"line":245,"column":71}},"loc":{"start":{"line":245,"column":71},"end":{"line":245,"column":null}},"line":245},"15":{"name":"(anonymous_15)","decl":{"start":{"line":254,"column":61},"end":{"line":254,"column":67}},"loc":{"start":{"line":254,"column":67},"end":{"line":254,"column":null}},"line":254},"16":{"name":"(anonymous_16)","decl":{"start":{"line":272,"column":29},"end":{"line":272,"column":35}},"loc":{"start":{"line":272,"column":35},"end":{"line":275,"column":null}},"line":272}},"branchMap":{"0":{"loc":{"start":{"line":26,"column":12},"end":{"line":33,"column":null}},"type":"if","locations":[{"start":{"line":26,"column":12},"end":{"line":33,"column":null}},{"start":{"line":29,"column":19},"end":{"line":33,"column":null}}],"line":26},"1":{"loc":{"start":{"line":28,"column":24},"end":{"line":28,"column":46}},"type":"binary-expr","locations":[{"start":{"line":28,"column":24},"end":{"line":28,"column":44}},{"start":{"line":28,"column":44},"end":{"line":28,"column":46}}],"line":28},"2":{"loc":{"start":{"line":30,"column":36},"end":{"line":30,"column":null}},"type":"cond-expr","locations":[{"start":{"line":30,"column":55},"end":{"line":30,"column":60}},{"start":{"line":30,"column":60},"end":{"line":30,"column":null}}],"line":30},"3":{"loc":{"start":{"line":32,"column":24},"end":{"line":32,"column":42}},"type":"binary-expr","locations":[{"start":{"line":32,"column":24},"end":{"line":32,"column":40}},{"start":{"line":32,"column":40},"end":{"line":32,"column":42}}],"line":32},"4":{"loc":{"start":{"line":44,"column":8},"end":{"line":47,"column":null}},"type":"if","locations":[{"start":{"line":44,"column":8},"end":{"line":47,"column":null}},{"start":{},"end":{}}],"line":44},"5":{"loc":{"start":{"line":50,"column":8},"end":{"line":54,"column":null}},"type":"if","locations":[{"start":{"line":50,"column":8},"end":{"line":54,"column":null}},{"start":{},"end":{}}],"line":50},"6":{"loc":{"start":{"line":61,"column":8},"end":{"line":63,"column":null}},"type":"if","locations":[{"start":{"line":61,"column":8},"end":{"line":63,"column":null}},{"start":{},"end":{}}],"line":61},"7":{"loc":{"start":{"line":71,"column":24},"end":{"line":71,"column":82}},"type":"binary-expr","locations":[{"start":{"line":71,"column":24},"end":{"line":71,"column":57}},{"start":{"line":71,"column":57},"end":{"line":71,"column":82}}],"line":71},"8":{"loc":{"start":{"line":88,"column":24},"end":{"line":88,"column":83}},"type":"binary-expr","locations":[{"start":{"line":88,"column":24},"end":{"line":88,"column":57}},{"start":{"line":88,"column":57},"end":{"line":88,"column":83}}],"line":88},"9":{"loc":{"start":{"line":103,"column":8},"end":{"line":103,"column":null}},"type":"if","locations":[{"start":{"line":103,"column":8},"end":{"line":103,"column":null}},{"start":{},"end":{}}],"line":103},"10":{"loc":{"start":{"line":107,"column":4},"end":{"line":109,"column":null}},"type":"if","locations":[{"start":{"line":107,"column":4},"end":{"line":109,"column":null}},{"start":{},"end":{}}],"line":107},"11":{"loc":{"start":{"line":119,"column":13},"end":{"line":156,"column":null}},"type":"binary-expr","locations":[{"start":{"line":119,"column":13},"end":{"line":119,"column":null}},{"start":{"line":120,"column":16},"end":{"line":156,"column":null}}],"line":119},"12":{"loc":{"start":{"line":125,"column":60},"end":{"line":125,"column":82}},"type":"binary-expr","locations":[{"start":{"line":125,"column":60},"end":{"line":125,"column":80}},{"start":{"line":125,"column":80},"end":{"line":125,"column":82}}],"line":125},"13":{"loc":{"start":{"line":132,"column":60},"end":{"line":132,"column":84}},"type":"binary-expr","locations":[{"start":{"line":132,"column":60},"end":{"line":132,"column":82}},{"start":{"line":132,"column":82},"end":{"line":132,"column":84}}],"line":132},"14":{"loc":{"start":{"line":139,"column":60},"end":{"line":139,"column":83}},"type":"binary-expr","locations":[{"start":{"line":139,"column":60},"end":{"line":139,"column":81}},{"start":{"line":139,"column":81},"end":{"line":139,"column":83}}],"line":139},"15":{"loc":{"start":{"line":146,"column":60},"end":{"line":146,"column":85}},"type":"binary-expr","locations":[{"start":{"line":146,"column":60},"end":{"line":146,"column":83}},{"start":{"line":146,"column":83},"end":{"line":146,"column":85}}],"line":146},"16":{"loc":{"start":{"line":153,"column":75},"end":{"line":153,"column":98}},"type":"binary-expr","locations":[{"start":{"line":153,"column":75},"end":{"line":153,"column":97}},{"start":{"line":153,"column":97},"end":{"line":153,"column":98}}],"line":153},"17":{"loc":{"start":{"line":162,"column":45},"end":{"line":162,"column":81}},"type":"cond-expr","locations":[{"start":{"line":162,"column":68},"end":{"line":162,"column":79}},{"start":{"line":162,"column":79},"end":{"line":162,"column":81}}],"line":162},"18":{"loc":{"start":{"line":168,"column":45},"end":{"line":168,"column":77}},"type":"cond-expr","locations":[{"start":{"line":168,"column":64},"end":{"line":168,"column":75}},{"start":{"line":168,"column":75},"end":{"line":168,"column":77}}],"line":168},"19":{"loc":{"start":{"line":174,"column":45},"end":{"line":174,"column":80}},"type":"cond-expr","locations":[{"start":{"line":174,"column":67},"end":{"line":174,"column":78}},{"start":{"line":174,"column":78},"end":{"line":174,"column":80}}],"line":174},"20":{"loc":{"start":{"line":180,"column":45},"end":{"line":180,"column":82}},"type":"cond-expr","locations":[{"start":{"line":180,"column":69},"end":{"line":180,"column":80}},{"start":{"line":180,"column":80},"end":{"line":180,"column":82}}],"line":180},"21":{"loc":{"start":{"line":190,"column":21},"end":{"line":190,"column":null}},"type":"binary-expr","locations":[{"start":{"line":190,"column":21},"end":{"line":190,"column":45}},{"start":{"line":190,"column":45},"end":{"line":190,"column":null}}],"line":190},"22":{"loc":{"start":{"line":191,"column":21},"end":{"line":191,"column":null}},"type":"binary-expr","locations":[{"start":{"line":191,"column":21},"end":{"line":191,"column":41}},{"start":{"line":191,"column":41},"end":{"line":191,"column":null}}],"line":191},"23":{"loc":{"start":{"line":192,"column":21},"end":{"line":192,"column":null}},"type":"binary-expr","locations":[{"start":{"line":192,"column":21},"end":{"line":192,"column":44}},{"start":{"line":192,"column":44},"end":{"line":192,"column":null}}],"line":192},"24":{"loc":{"start":{"line":193,"column":21},"end":{"line":193,"column":null}},"type":"binary-expr","locations":[{"start":{"line":193,"column":21},"end":{"line":193,"column":46}},{"start":{"line":193,"column":46},"end":{"line":193,"column":null}}],"line":193},"25":{"loc":{"start":{"line":196,"column":17},"end":{"line":197,"column":null}},"type":"binary-expr","locations":[{"start":{"line":196,"column":17},"end":{"line":196,"column":null}},{"start":{"line":197,"column":20},"end":{"line":197,"column":null}}],"line":196},"26":{"loc":{"start":{"line":200,"column":17},"end":{"line":204,"column":null}},"type":"binary-expr","locations":[{"start":{"line":200,"column":17},"end":{"line":200,"column":31}},{"start":{"line":200,"column":31},"end":{"line":200,"column":null}},{"start":{"line":201,"column":20},"end":{"line":204,"column":null}}],"line":200},"27":{"loc":{"start":{"line":207,"column":17},"end":{"line":264,"column":null}},"type":"binary-expr","locations":[{"start":{"line":207,"column":17},"end":{"line":207,"column":31}},{"start":{"line":207,"column":31},"end":{"line":207,"column":null}},{"start":{"line":208,"column":20},"end":{"line":264,"column":null}}],"line":207},"28":{"loc":{"start":{"line":225,"column":45},"end":{"line":225,"column":67}},"type":"binary-expr","locations":[{"start":{"line":225,"column":45},"end":{"line":225,"column":61}},{"start":{"line":225,"column":61},"end":{"line":225,"column":67}}],"line":225},"29":{"loc":{"start":{"line":226,"column":45},"end":{"line":226,"column":71}},"type":"binary-expr","locations":[{"start":{"line":226,"column":45},"end":{"line":226,"column":65}},{"start":{"line":226,"column":65},"end":{"line":226,"column":71}}],"line":226},"30":{"loc":{"start":{"line":228,"column":45},"end":{"line":228,"column":98}},"type":"binary-expr","locations":[{"start":{"line":228,"column":45},"end":{"line":228,"column":63}},{"start":{"line":228,"column":63},"end":{"line":228,"column":96}},{"start":{"line":228,"column":96},"end":{"line":228,"column":98}}],"line":228},"31":{"loc":{"start":{"line":229,"column":45},"end":{"line":229,"column":67}},"type":"binary-expr","locations":[{"start":{"line":229,"column":45},"end":{"line":229,"column":65}},{"start":{"line":229,"column":65},"end":{"line":229,"column":67}}],"line":229},"32":{"loc":{"start":{"line":230,"column":56},"end":{"line":230,"column":88}},"type":"binary-expr","locations":[{"start":{"line":230,"column":56},"end":{"line":230,"column":75}},{"start":{"line":230,"column":75},"end":{"line":230,"column":88}}],"line":230},"33":{"loc":{"start":{"line":235,"column":45},"end":{"line":249,"column":null}},"type":"binary-expr","locations":[{"start":{"line":235,"column":45},"end":{"line":235,"column":null}},{"start":{"line":236,"column":48},"end":{"line":249,"column":null}}],"line":235},"34":{"loc":{"start":{"line":251,"column":45},"end":{"line":257,"column":null}},"type":"binary-expr","locations":[{"start":{"line":251,"column":45},"end":{"line":251,"column":null}},{"start":{"line":252,"column":48},"end":{"line":257,"column":null}}],"line":251},"35":{"loc":{"start":{"line":269,"column":13},"end":{"line":278,"column":null}},"type":"binary-expr","locations":[{"start":{"line":269,"column":13},"end":{"line":269,"column":32}},{"start":{"line":269,"column":32},"end":{"line":269,"column":null}},{"start":{"line":270,"column":16},"end":{"line":278,"column":null}}],"line":269}},"s":{"0":1,"1":2,"2":2,"3":2,"4":2,"5":2,"6":2,"7":2,"8":2,"9":2,"10":0,"11":0,"12":0,"13":0,"14":0,"15":0,"16":0,"17":0,"18":0,"19":0,"20":0,"21":0,"22":0,"23":2,"24":1,"25":1,"26":1,"27":1,"28":0,"29":0,"30":0,"31":0,"32":0,"33":0,"34":0,"35":2,"36":0,"37":0,"38":0,"39":0,"40":0,"41":0,"42":0,"43":0,"44":2,"45":0,"46":0,"47":2,"48":0,"49":0,"50":0,"51":0,"52":0,"53":0,"54":0,"55":0,"56":2,"57":0,"58":2,"59":0,"60":0,"61":0,"62":2,"63":2,"64":0,"65":0,"66":0,"67":0,"68":0,"69":0,"70":0,"71":0,"72":0,"73":0,"74":0},"f":{"0":2,"1":0,"2":1,"3":0,"4":0,"5":0,"6":0,"7":0,"8":0,"9":0,"10":0,"11":0,"12":0,"13":0,"14":0,"15":0,"16":0},"b":{"0":[0,0],"1":[0,0],"2":[0,0],"3":[0,0],"4":[1,0],"5":[0,0],"6":[0,0],"7":[0,0],"8":[0,0],"9":[0,0],"10":[2,0],"11":[0,0],"12":[0,0],"13":[0,0],"14":[0,0],"15":[0,0],"16":[0,0],"17":[0,0],"18":[0,0],"19":[0,0],"20":[0,0],"21":[2,0],"22":[2,0],"23":[2,0],"24":[2,0],"25":[2,0],"26":[2,0,0],"27":[2,0,0],"28":[0,0],"29":[0,0],"30":[0,0,0],"31":[0,0],"32":[0,0],"33":[0,0],"34":[0,0],"35":[2,0,0]},"meta":{"lastBranch":36,"lastFunction":17,"lastStatement":75,"seen":{"s:8:19:282:Infinity":0,"f:8:19:8:25":0,"s:9:38:9:Infinity":1,"s:10:26:10:Infinity":2,"s:11:24:11:Infinity":3,"s:12:28:12:Infinity":4,"s:13:34:13:Infinity":5,"s:14:46:14:Infinity":6,"s:15:38:15:Infinity":7,"s:16:10:16:Infinity":8,"s:18:21:40:Infinity":9,"f:18:39:18:51":1,"s:19:8:19:Infinity":10,"s:20:8:39:Infinity":11,"s:22:30:22:Infinity":12,"s:23:12:23:Infinity":13,"b:26:12:33:Infinity:29:19:33:Infinity":0,"s:26:12:33:Infinity":14,"s:27:36:27:Infinity":15,"s:28:16:28:Infinity":16,"b:28:24:28:44:28:44:28:46":1,"s:30:36:30:Infinity":17,"b:30:55:30:60:30:60:30:Infinity":2,"s:31:32:31:Infinity":18,"s:32:16:32:Infinity":19,"b:32:24:32:40:32:40:32:42":3,"s:35:12:35:Infinity":20,"s:36:12:36:Infinity":21,"s:38:12:38:Infinity":22,"s:42:4:58:Infinity":23,"f:42:14:42:20":2,"s:43:21:43:Infinity":24,"b:44:8:47:Infinity:undefined:undefined:undefined:undefined":4,"s:44:8:47:Infinity":25,"s:45:12:45:Infinity":26,"s:46:12:46:Infinity":27,"s:49:25:49:Infinity":28,"b:50:8:54:Infinity:undefined:undefined:undefined:undefined":5,"s:50:8:54:Infinity":29,"s:51:12:51:Infinity":30,"s:52:12:52:Infinity":31,"s:53:12:53:Infinity":32,"s:56:8:56:Infinity":33,"s:57:8:57:Infinity":34,"s:60:26:73:Infinity":35,"f:60:26:60:33":3,"b:61:8:63:Infinity:undefined:undefined:undefined:undefined":6,"s:61:8:63:Infinity":36,"s:62:12:62:Infinity":37,"s:65:8:72:Infinity":38,"s:66:12:66:Infinity":39,"s:67:12:67:Infinity":40,"s:68:12:68:Infinity":41,"s:70:12:70:Infinity":42,"s:71:12:71:Infinity":43,"b:71:24:71:57:71:57:71:82":7,"s:75:30:78:Infinity":44,"f:75:30:75:31":4,"s:76:8:76:Infinity":45,"s:77:8:77:Infinity":46,"s:80:32:91:Infinity":47,"f:80:32:80:39":5,"s:81:8:90:Infinity":48,"s:82:12:82:Infinity":49,"s:83:12:83:Infinity":50,"s:84:12:84:Infinity":51,"s:85:12:85:Infinity":52,"s:87:12:87:Infinity":53,"s:88:12:88:Infinity":54,"b:88:24:88:57:88:57:88:83":8,"s:89:12:89:Infinity":55,"s:93:27:100:Infinity":56,"f:93:27:93:28":6,"s:94:8:99:Infinity":57,"s:102:23:105:Infinity":58,"f:102:23:102:24":7,"b:103:8:103:Infinity:undefined:undefined:undefined:undefined":9,"s:103:8:103:Infinity":59,"s:103:25:103:Infinity":60,"s:104:8:104:Infinity":61,"b:107:4:109:Infinity:undefined:undefined:undefined:undefined":10,"s:107:4:109:Infinity":62,"s:108:8:108:Infinity":63,"s:111:4:280:Infinity":64,"b:119:13:119:Infinity:120:16:156:Infinity":11,"b:125:60:125:80:125:80:125:82":12,"b:132:60:132:82:132:82:132:84":13,"b:139:60:139:81:139:81:139:83":14,"b:146:60:146:83:146:83:146:85":15,"b:153:75:153:97:153:97:153:98":16,"b:162:68:162:79:162:79:162:81":17,"f:163:29:163:35":8,"s:163:35:163:Infinity":65,"b:168:64:168:75:168:75:168:77":18,"f:169:29:169:35":9,"s:169:35:169:Infinity":66,"b:174:67:174:78:174:78:174:80":19,"f:175:29:175:35":10,"s:175:35:175:Infinity":67,"b:180:69:180:80:180:80:180:82":20,"f:181:29:181:35":11,"s:181:35:181:Infinity":68,"b:190:21:190:45:190:45:190:Infinity":21,"b:191:21:191:41:191:41:191:Infinity":22,"b:192:21:192:44:192:44:192:Infinity":23,"b:193:21:193:46:193:46:193:Infinity":24,"b:196:17:196:Infinity:197:20:197:Infinity":25,"b:200:17:200:31:200:31:200:Infinity:201:20:204:Infinity":26,"b:207:17:207:31:207:31:207:Infinity:208:20:264:Infinity":27,"f:223:42:223:43":12,"s:224:36:260:Infinity":69,"b:225:45:225:61:225:61:225:67":28,"b:226:45:226:65:226:65:226:71":29,"b:228:45:228:63:228:63:228:96:228:96:228:98":30,"b:229:45:229:65:229:65:229:67":31,"b:230:56:230:75:230:75:230:88":32,"b:235:45:235:Infinity:236:48:249:Infinity":33,"f:239:65:239:71":13,"s:239:71:239:Infinity":70,"f:245:65:245:71":14,"s:245:71:245:Infinity":71,"b:251:45:251:Infinity:252:48:257:Infinity":34,"f:254:61:254:67":15,"s:254:67:254:Infinity":72,"b:269:13:269:32:269:32:269:Infinity:270:16:278:Infinity":35,"f:272:29:272:35":16,"s:273:24:273:Infinity":73,"s:274:24:274:Infinity":74}}}
,"C:\\Users\\infoj\\OneDrive\\Documentos\\ingsoft\\ingsoft\\neocdt-project\\FRONTEND\\src\\pages\\CDTDetails.jsx": {"path":"C:\\Users\\infoj\\OneDrive\\Documentos\\ingsoft\\ingsoft\\neocdt-project\\FRONTEND\\src\\pages\\CDTDetails.jsx","statementMap":{"0":{"start":{"line":7,"column":19},"end":{"line":565,"column":null}},"1":{"start":{"line":8,"column":15},"end":{"line":8,"column":null}},"2":{"start":{"line":9,"column":10},"end":{"line":9,"column":null}},"3":{"start":{"line":11,"column":22},"end":{"line":11,"column":null}},"4":{"start":{"line":12,"column":30},"end":{"line":12,"column":null}},"5":{"start":{"line":13,"column":32},"end":{"line":13,"column":null}},"6":{"start":{"line":14,"column":48},"end":{"line":14,"column":null}},"7":{"start":{"line":15,"column":32},"end":{"line":19,"column":null}},"8":{"start":{"line":20,"column":46},"end":{"line":20,"column":null}},"9":{"start":{"line":21,"column":40},"end":{"line":21,"column":null}},"10":{"start":{"line":22,"column":26},"end":{"line":22,"column":null}},"11":{"start":{"line":24,"column":18},"end":{"line":30,"column":null}},"12":{"start":{"line":32,"column":10},"end":{"line":60,"column":null}},"13":{"start":{"line":33,"column":8},"end":{"line":59,"column":null}},"14":{"start":{"line":34,"column":12},"end":{"line":34,"column":null}},"15":{"start":{"line":36,"column":28},"end":{"line":36,"column":null}},"16":{"start":{"line":37,"column":12},"end":{"line":40,"column":null}},"17":{"start":{"line":38,"column":16},"end":{"line":38,"column":null}},"18":{"start":{"line":39,"column":16},"end":{"line":39,"column":null}},"19":{"start":{"line":42,"column":29},"end":{"line":42,"column":null}},"20":{"start":{"line":43,"column":28},"end":{"line":43,"column":null}},"21":{"start":{"line":45,"column":12},"end":{"line":45,"column":null}},"22":{"start":{"line":47,"column":12},"end":{"line":51,"column":null}},"23":{"start":{"line":54,"column":12},"end":{"line":54,"column":null}},"24":{"start":{"line":55,"column":12},"end":{"line":55,"column":null}},"25":{"start":{"line":56,"column":12},"end":{"line
[...]
,"C:\\Users\\infoj\\OneDrive\\Documentos\\ingsoft\\ingsoft\\neocdt-project\\FRONTEND\\src\\utils\\localStorageUtils.js": {"path":"C:\\Users\\infoj\\OneDrive\\Documentos\\ingsoft\\ingsoft\\neocdt-project\\FRONTEND\\src\\utils\\localStorageUtils.js","statementMap":{"0":{"start":{"line":3,"column":33},"end":{"line":10,"column":1}},"1":{"start":{"line":4,"column":4},"end":{"line":6,"column":5}},"2":{"start":{"line":5,"column":8},"end":{"line":5,"column":58}},"3":{"start":{"line":7,"column":4},"end":{"line":9,"column":5}},"4":{"start":{"line":8,"column":8},"end":{"line":8,"column":50}},"5":{"start":{"line":13,"column":38},"end":{"line":20,"column":1}},"6":{"start":{"line":14,"column":4},"end":{"line":18,"column":5}},"7":{"start":{"line":15,"column":8},"end":{"line":15,"column":39}},"8":{"start":{"line":16,"column":11},"end":{"line":18,"column":5}},"9":{"start":{"line":17,"column":8},"end":{"line":17,"column":41}},"10":{"start":{"line":19,"column":4},"end":{"line":19,"column":17}},"11":{"start":{"line":22,"column":32},"end":{"line":24,"column":1}},"12":{"start":{"line":23,"column":4},"end":{"line":23,"column":36}},"13":{"start":{"line":26,"column":29},"end":{"line":28,"column":1}},"14":{"start":{"line":27,"column":4},"end":{"line":27,"column":52}},"15":{"start":{"line":30,"column":29},"end":{"line":32,"column":1}},"16":{"start":{"line":31,"column":4},"end":{"line":31,"column":35}},"17":{"start":{"line":34,"column":25},"end":{"line":45,"column":1}},"18":{"start":{"line":36,"column":4},"end":{"line":38,"column":5}},"19":{"start":{"line":37,"column":8},"end":{"line":37,"column":20}},"20":{"start":{"line":39,"column":18},"end":{"line":39,"column":65}},"21":{"start":{"line":40,"column":4},"end":{"line":44,"column":14}},"22":{"start":{"line":41,"column":8},"end":{"line":43,"column":39}},"23":{"start":{"line":47,"column":28},"end":{"line":77,"column":1}},"24":{"start":{"line":48,"column":67},"end":{"line":48,"column":75}},"25":{"start":{"line":50,"column":4},"end":{"line":52,"column":5}},"26":{"start":{"line":51,"column":8},"end":{"line":51,"column":47}},"27":{"start":{"line":53,"column":4},"end":{"line":55,"column":5}},"28":{"start":{"line":54,"column":8},"end":{"line":54,"column":48}},"29":{"start":{"line":56,"column":4},"end":{"line":58,"column":5}},"30":{"start":{"line":57,"column":8},"end":{"line":57,"column":45}},"31":{"start":{"line":59,"column":4},"end":{"line":61,"column":5}},"32":{"start":{"line":60,"column":8},"end":{"line":60,"column":45}},"33":{"start":{"line":63,"column":18},"end":{"line":63,"column":65}},"34":{"start":{"line":65,"column":4},"end":{"line":67,"column":5}},"35":{"start":{"line":65,"column":26},"end":{"line":65,"column":61}},"36":{"start":{"line":66,"column":8},"end":{"line":66,"column":39}},"37":{"start":{"line":69,"column":20},"end":{"line":72,"column":5}},"38":{"start":{"line":74,"column":4},"end":{"line":74,"column":24}},"39":{"start":{"line":75,"column":4},"end":{"line":75,"column":57}},"40":{"start":{"line":76,"column":4},"end":{"line":76,"column":44}},"41":{"start":{"line":79,"column":30},"end":{"line":81,"column":1}},"42":{"start":{"line":80,"column":4},"end":{"line":80,"column":59}},"43":{"start":{"line":83,"column":30},"end":{"line":85,"column":1}},"44":{"start":{"line":84,"column":4},"end":{"line":84,"column":62}},"45":{"start":{"line":87,"column":26},"end":{"line":89,"column":1}},"46":{"start":{"line":88,"column":4},"end":{"line":88,"column":46}},"47":{"start":{"line":92,"column":33},"end":{"line":104,"column":1}},"48":{"start":{"line":94,"column":18},"end":{"line":94,"column":65}},"49":{"start":{"line":95,"column":17},"end":{"line":95,"column":61}},"50":{"start":{"line":95,"column":33},"end":{"line":95,"column":60}},"51":{"start":{"line":98,"column":4},"end":{"line":101,"column":5}},"52":{"start":{"line":99,"column":8},"end":{"line":99,"column":38}},"53":{"start":{"line":100,"column":8},"end":{"line":100,"column":61}},"54":{"start":{"line":103,"column":4},"end":{"line":103,"column":49}},"55":{"start":{"line":106,"column":36},"end":{"line":145,"column":1}},"56":{"start":{"line":108,"column":4},"end":{"line":111,"column":5}},"57":{"start":{"line":109,"column":8},"end":{"line":109,"column":74}},"58":{"start":{"line":110,"column":8},"end":{"line":110,"column":21}},"59":{"start":{"line":114,"column":18},"end":{"line":114,"column":65}},"60":{"start":{"line":115,"column":22},"end":{"line":115,"column":71}},"61":{"start":{"line":115,"column":43},"end":{"line":115,"column":70}},"62":{"start":{"line":117,"column":4},"end":{"line":141,"column":5}},"63":{"start":{"line":119,"column":31},"end":{"line":119,"column":67}},"64":{"start":{"line":122,"column":8},"end":{"line":122,"column":52}},"65":{"start":{"line":123,"column":8},"end":{"line":123,"column":61}},"66":{"start":{"line":126,"column":28},"end":{"line":126,"column":75}},"67":{"start":{"line":127,"column":8},"end":{"line":130,"column":9}},"68":{"start":{"line":128,"column":12},"end":{"line":128,"column":51}},"69":{"start":{"line":129,"column":12},"end":{"line":129,"column":77}},"70":{"start":{"line":132,"column":8},"end":{"line":138,"column":14}},"71":{"start":{"line":140,"column":8},"end":{"line":140,"column":20}},"72":{"start":{"line":143,"column":4},"end":{"line":143,"column":43}},"73":{"start":{"line":144,"column":4},"end":{"line":144,"column":17}}},"fnMap":{"0":{"name":"(anonymous_0)","decl":{"start":{"line":3,"column":33},"end":{"line":3,"column":34}},"loc":{"start":{"line":3,"column":39},"end":{"line":10,"column":1}},"line":3},"1":{"name":"(anonymous_1)","decl":{"start":{"line":13,"column":38},"end":{"line":13,"column":39}},"loc":{"start":{"line":13,"column":56},"end":{"line":20,"column":1}},"line":13},"2":{"name":"(anonymous_2)","decl":{"start":{"line":22,"column":32},"end":{"line":22,"column":33}},"loc":{"start":{"line":22,"column":46},"end":{"line":24,"column":1}},"line":22},"3":{"name":"(anonymous_3)","decl":{"start":{"line":26,"column":29},"end":{"line":26,"column":30}},"loc":{"start":{"line":26,"column":40},"end":{"line":28,"column":1}},"line":26},"4":{"name":"(anonymous_4)","decl":{"start":{"line":30,"column":29},"end":{"line":30,"column":30}},"loc":{"start":{"line":30,"column":40},"end":{"line":32,"column":1}},"line":30},"5":{"name":"(anonymous_5)","decl":{"start":{"line":34,"column":25},"end":{"line":34,"column":26}},"loc":{"start":{"line":34,"column":69},"end":{"line":45,"column":1}},"line":34},"6":{"name":"(anonymous_6)","decl":{"start":{"line":40,"column":22},"end":{"line":40,"column":23}},"loc":{"start":{"line":41,"column":8},"end":{"line":43,"column":39}},"line":41},"7":{"name":"(anonymous_7)","decl":{"start":{"line":47,"column":28},"end":{"line":47,"column":29}},"loc":{"start":{"line":47,"column":42},"end":{"line":77,"column":1}},"line":47},"8":{"name":"(anonymous_8)","decl":{"start":{"line":65,"column":19},"end":{"line":65,"column":20}},"loc":{"start":{"line":65,"column":26},"end":{"line":65,"column":61}},"line":65},"9":{"name":"(anonymous_9)","decl":{"start":{"line":79,"column":30},"end":{"line":79,"column":31}},"loc":{"start":{"line":79,"column":36},"end":{"line":81,"column":1}},"line":79},"10":{"name":"(anonymous_10)","decl":{"start":{"line":83,"column":30},"end":{"line":83,"column":31}},"loc":{"start":{"line":83,"column":40},"end":{"line":85,"column":1}},"line":83},"11":{"name":"(anonymous_11)","decl":{"start":{"line":87,"column":26},"end":{"line":87,"column":27}},"loc":{"start":{"line":87,"column":32},"end":{"line":89,"column":1}},"line":87},"12":{"name":"(anonymous_12)","decl":{"start":{"line":92,"column":33},"end":{"line":92,"column":34}},"loc":{"start":{"line":92,"column":45},"end":{"line":104,"column":1}},"line":92},"13":{"name":"(anonymous_13)","decl":{"start":{"line":95,"column":28},"end":{"line":95,"column":29}},"loc":{"start":{"line":95,"column":33},"end":{"line":95,"column":60}},"line":95},"14":{"name":"(anonymous_14)","decl":{"start":{"line":106,"column":36},"end":{"line":106,"column":37}},"loc":{"start":{"line":106,"column":59},"end":{"line":145,"column":1}},"line":106},"15":{"name":"(anonymous_15)","decl":{"start":{"line":115,"column":38},"end":{"line":115,"column":39}},"loc":{"start":{"line":115,"column":43},"end":{"line":115,"column":70}},"line":115}},"branchMap":{"0":{"loc":{"start":{"line":4,"column":4},"end":{"line":6,"column":5}},"type":"if","locations":[{"start":{"line":4,"column":4},"end":{"line":6,"column":5}},{"start":{},"end":{}}],"line":4},"1":{"loc":{"start":{"line":7,"column":4},"end":{"line":9,"column":5}},"type":"if","locations":[{"start":{"line":7,"column":4},"end":{"line":9,"column":5}},{"start":{},"end":{}}],"line":7},"2":{"loc":{"start":{"line":14,"column":4},"end":{"line":18,"column":5}},"type":"if","locations":[{"start":{"line":14,"column":4},"end":{"line":18,"column":5}},{"start":{"line":16,"column":11},"end":{"line":18,"column":5}}],"line":14},"3":{"loc":{"start":{"line":16,"column":11},"end":{"line":18,"column":5}},"type":"if","locations":[{"start":{"line":16,"column":11},"end":{"line":18,"column":5}},{"start":{},"end":{}}],"line":16},"4":{"loc":{"start":{"line":36,"column":4},"end":{"line":38,"column":5}},"type":"if","locations":[{"start":{"line":36,"column":4},"end":{"line":38,"column":5}},{"start":{},"end":{}}],"line":36},"5":{"loc":{"start":{"line":36,"column":8},"end":{"line":36,"column":92}},"type":"binary-expr","locations":[{"start":{"line":36,"column":8},"end":{"line":36,"column":61}},{"start":{"line":36,"column":65},"end":{"line":36,"column":92}}],"line":36},"6":{"loc":{"start":{"line":39,"column":18},"end":{"line":39,"column":65}},"type":"binary-expr","locations":[{"start":{"line":39,"column":18},"end":{"line":39,"column":59}},{"start":{"line":39,"column":63},"end":{"line":39,"column":65}}],"line":39},"7":{"loc":{"start":{"line":40,"column":11},"end":{"line":44,"column":13}},"type":"binary-expr","locations":[{"start":{"line":40,"column":11},"end":{"line":44,"column":5}},{"start":{"line":44,"column":9},"end":{"line":44,"column":13}}],"line":40},"8":{"loc":{"start":{"line":41,"column":8},"end":{"line":43,"column":39}},"type":"binary-expr","locations":[{"start":{"line":41,"column":8},"end":{"line":41,"column":43}},{"start":{"line":42,"column":8},"end":{"line":42,"column":31}},{"start":{"line":43,"column":8},"end":{"line":43,"column":39}}],"line":41},"9":{"loc":{"start":{"line":50,"column":4},"end":{"line":52,"column":5}},"type":"if","locations":[{"start":{"line":50,"column":4},"end":{"line":52,"column":5}},{"start":{},"end":{}}],"line":50},"10":{"loc":{"start":{"line":53,"column":4},"end":{"line":55,"column":5}},"type":"if","locations":[{"start":{"line":53,"column":4},"end":{"line":55,"column":5}},{"start":{},"end":{}}],"line":53},"11":{"loc":{"start":{"line":56,"column":4},"end":{"line":58,"column":5}},"type":"if","locations":[{"start":{"line":56,"column":4},"end":{"line":58,"column":5}},{"start":{},"end":{}}],"line":56},"12":{"loc":{"start":{"line":56,"column":8},"end":{"line":56,"column":38}},"type":"binary-expr","locations":[{"start":{"line":56,"column":8},"end":{"line":56,"column":13}},{"start":{"line":56,"column":17},"end":{"line":56,"column":38}}],"line":56},"13":{"loc":{"start":{"line":59,"column":4},"end":{"line":61,"column":5}},"type":"if","locations":[{"start":{"line":59,"column":4},"end":{"line":61,"column":5}},{"start":{},"end":{}}],"line":59},"14":{"loc":{"start":{"line":59,"column":8},"end":{"line":59,"column":38}},"type":"binary-expr","locations":[{"start":{"line":59,"column":8},"end":{"line":59,"column":13}},{"start":{"line":59,"column":17},"end":{"line":59,"column":38}}],"line":59},"15":{"loc":{"start":{"line":63,"column":18},"end":{"line":63,"column":65}},"type":"binary-expr","locations":[{"start":{"line":63,"column":18},"end":{"line":63,"column":59}},{"start":{"line":63,"column":63},"end":{"line":63,"column":65}}],"line":63},"16":{"loc":{"start":{"line":65,"column":4},"end":{"line":67,"column":5}},"type":"if","locations":[{"start":{"line":65,"column":4},"end":{"line":67,"column":5}},{"start":{},"end":{}}],"line":65},"17":{"loc":{"start":{"line":94,"column":18},"end":{"line":94,"column":65}},"type":"binary-expr","locations":[{"start":{"line":94,"column":18},"end":{"line":94,"column":59}},{"start":{"line":94,"column":63},"end":{"line":94,"column":65}}],"line":94},"18":{"loc":{"start":{"line":98,"column":4},"end":{"line":101,"column":5}},"type":"if","locations":[{"start":{"line":98,"column":4},"end":{"line":101,"column":5}},{"start":{},"end":{}}],"line":98},"19":{"loc":{"start":{"line":98,"column":8},"end":{"line":98,"column":49}},"type":"binary-expr","locations":[{"start":{"line":98,"column":8},"end":{"line":98,"column":12}},{"start":{"line":98,"column":16},"end":{"line":98,"column":49}}],"line":98},"20":{"loc":{"start":{"line":103,"column":11},"end":{"line":103,"column":48}},"type":"cond-expr","locations":[{"start":{"line":103,"column":19},"end":{"line":103,"column":43}},{"start":{"line":103,"column":47},"end":{"line":103,"column":48}}],"line":103},"21":{"loc":{"start":{"line":103,"column":19},"end":{"line":103,"column":43}},"type":"binary-expr","locations":[{"start":{"line":103,"column":19},"end":{"line":103,"column":38}},{"start":{"line":103,"column":42},"end":{"line":103,"column":43}}],"line":103},"22":{"loc":{"start":{"line":108,"column":4},"end":{"line":111,"column":5}},"type":"if","locations":[{"start":{"line":108,"column":4},"end":{"line":111,"column":5}},{"start":{},"end":{}}],"line":108},"23":{"loc":{"start":{"line":108,"column":8},"end":{"line":108,"column":74}},"type":"binary-expr","locations":[{"start":{"line":108,"column":8},"end":{"line":108,"column":37}},{"start":{"line":108,"column":41},"end":{"line":108,"column":57}},{"start":{"line":108,"column":61},"end":{"line":108,"column":74}}],"line":108},"24":{"loc":{"start":{"line":114,"column":18},"end":{"line":114,"column":65}},"type":"binary-expr","locations":[{"start":{"line":114,"column":18},"end":{"line":114,"column":59}},{"start":{"line":114,"column":63},"end":{"line":114,"column":65}}],"line":114},"25":{"loc":{"start":{"line":117,"column":4},"end":{"line":141,"column":5}},"type":"if","locations":[{"start":{"line":117,"column":4},"end":{"line":141,"column":5}},{"start":{},"end":{}}],"line":117},"26":{"loc":{"start":{"line":119,"column":31},"end":{"line":119,"column":67}},"type":"binary-expr","locations":[{"start":{"line":119,"column":31},"end":{"line":119,"column":62}},{"start":{"line":119,"column":66},"end":{"line":119,"column":67}}],"line":119},"27":{"loc":{"start":{"line":127,"column":8},"end":{"line":130,"column":9}},"type":"if","locations":[{"start":{"line":127,"column":8},"end":{"line":130,"column":9}},{"start":{},"end":{}}],"line":127},"28":{"loc":{"start":{"line":127,"column":12},"end":{"line":127,"column":64}},"type":"binary-expr","locations":[{"start":{"line":127,"column":12},"end":{"line":127,"column":23}},{"start":{"line":127,"column":27},"end":{"line":127,"column":64}}],"line":127}},"s":{"0":1,"1":10,"2":9,"3":10,"4":10,"5":1,"6":26,"7":18,"8":8,"9":7,"10":1,"11":1,"12":21,"13":1,"14":15,"15":1,"16":13,"17":1,"18":6,"19":2,"20":4,"21":6,"22":4,"23":1,"24":9,"25":9,"26":1,"27":8,"28":1,"29":7,"30":1,"31":6,"32":1,"33":5,"34":9,"35":2,"36":1,"37":4,"38":4,"39":4,"40":4,"41":1,"42":2,"43":1,"44":0,"45":1,"46":1,"47":1,"48":3,"49":3,"50":2,"51":3,"52":1,"53":1,"54":3,"55":1,"56":5,"57":2,"58":2,"59":3,"60":5,"61":3,"62":5,"63":2,"64":2,"65":2,"66":2,"67":2,"68":1,"69":1,"70":2,"71":2,"72":1,"73":1},"f":{"0":10,"1":26,"2":21,"3":15,"4":13,"5":6,"6":4,"7":9,"8":2,"9":2,"10":0,"11":1,"12":3,"13":2,"14":5,"15":3},"b":{"0":[9,1],"1":[10,0],"2":[18,8],"3":[7,1],"4":[2,4],"5":[6,5],"6":[4,0],"7":[6,3],"8":[4,3,2],"9":[1,8],"10":[1,7],"11":[1,6],"12":[7,7],"13":[1,5],"14":[6,6],"15":[5,0],"16":[1,8],"17":[3,0],"18":[1,2],"19":[3,2],"20":[2,1],"21":[2,0],"22":[2,3],"23":[5,4,4],"24":[3,0],"25":[2,3],"26":[2,0],"27":[1,1],"28":[2,1]},"meta":{"lastBranch":29,"lastFunction":16,"lastStatement":74,"seen":{"s:3:33:10:1":0,"f:3:33:3:34":0,"b:4:4:6:5:undefined:undefined:undefined:undefined":0,"s:4:4:6:5":1,"s:5:8:5:58":2,"b:7:4:9:5:undefined:undefined:undefined:undefined":1,"s:7:4:9:5":3,"s:8:8:8:50":4,"s:13:38:20:1":5,"f:13:38:13:39":1,"b:14:4:18:5:16:11:18:5":2,"s:14:4:18:5":6,"s:15:8:15:39":7,"b:16:11:18:5:undefined:undefined:undefined:undefined":3,"s:16:11:18:5":8,"s:17:8:17:41":9,"s:19:4:19:17":10,"s:22:32:24:1":11,"f:22:32:22:33":2,"s:23:4:23:36":12,"s:26:29:28:1":13,"f:26:29:26:30":3,"s:27:4:27:52":14,"s:30:29:32:1":15,"f:30:29:30:30":4,"s:31:4:31:35":16,"s:34:25:45:1":17,"f:34:25:34:26":5,"b:36:4:38:5:undefined:undefined:undefined:undefined":4,"s:36:4:38:5":18,"b:36:8:36:61:36:65:36:92":5,"s:37:8:37:20":19,"s:39:18:39:65":20,"b:39:18:39:59:39:63:39:65":6,"s:40:4:44:14":21,"b:40:11:44:5:44:9:44:13":7,"f:40:22:40:23":6,"s:41:8:43:39":22,"b:41:8:41:43:42:8:42:31:43:8:43:39":8,"s:47:28:77:1":23,"f:47:28:47:29":7,"s:48:67:48:75":24,"b:50:4:52:5:undefined:undefined:undefined:undefined":9,"s:50:4:52:5":25,"s:51:8:51:47":26,"b:53:4:55:5:undefined:undefined:undefined:undefined":10,"s:53:4:55:5":27,"s:54:8:54:48":28,"b:56:4:58:5:undefined:undefined:undefined:undefined":11,"s:56:4:58:5":29,"b:56:8:56:13:56:17:56:38":12,"s:57:8:57:45":30,"b:59:4:61:5:undefined:undefined:undefined:undefined":13,"s:59:4:61:5":31,"b:59:8:59:13:59:17:59:38":14,"s:60:8:60:45":32,"s:63:18:63:65":33,"b:63:18:63:59:63:63:63:65":15,"b:65:4:67:5:undefined:undefined:undefined:undefined":16,"s:65:4:67:5":34,"f:65:19:65:20":8,"s:65:26:65:61":35,"s:66:8:66:39":36,"s:69:20:72:5":37,"s:74:4:74:24":38,"s:75:4:75:57":39,"s:76:4:76:44":40,"s:79:30:81:1":41,"f:79:30:79:31":9,"s:80:4:80:59":42,"s:83:30:85:1":43,"f:83:30:83:31":10,"s:84:4:84:62":44,"s:87:26:89:1":45,"f:87:26:87:27":11,"s:88:4:88:46":46,"s:92:33:104:1":47,"f:92:33:92:34":12,"s:94:18:94:65":48,"b:94:18:94:59:94:63:94:65":17,"s:95:17:95:61":49,"f:95:28:95:29":13,"s:95:33:95:60":50,"b:98:4:101:5:undefined:undefined:undefined:undefined":18,"s:98:4:101:5":51,"b:98:8:98:12:98:16:98:49":19,"s:99:8:99:38":52,"s:100:8:100:61":53,"s:103:4:103:49":54,"b:103:19:103:43:103:47:103:48":20,"b:103:19:103:38:103:42:103:43":21,"s:106:36:145:1":55,"f:106:36:106:37":14,"b:108:4:111:5:undefined:undefined:undefined:undefined":22,"s:108:4:111:5":56,"b:108:8:108:37:108:41:108:57:108:61:108:74":23,"s:109:8:109:74":57,"s:110:8:110:21":58,"s:114:18:114:65":59,"b:114:18:114:59:114:63:114:65":24,"s:115:22:115:71":60,"f:115:38:115:39":15,"s:115:43:115:70":61,"b:117:4:141:5:undefined:undefined:undefined:undefined":25,"s:117:4:141:5":62,"s:119:31:119:67":63,"b:119:31:119:62:119:66:119:67":26,"s:122:8:122:52":64,"s:123:8:123:61":65,"s:126:28:126:75":66,"b:127:8:130:9:undefined:undefined:undefined:undefined":27,"s:127:8:130:9":67,"b:127:12:127:23:127:27:127:64":28,"s:128:12:128:51":68,"s:129:12:129:77":69,"s:132:8:138:14":70,"s:140:8:140:20":71,"s:143:4:143:43":72,"s:144:4:144:17":73}}}
}
